Copyright 1986-2022 Xilinx, Inc. All Rights Reserved. Copyright 2022-2023 Advanced Micro Devices, Inc. All Rights Reserved.
---------------------------------------------------------------------------------------------------------------------------------------------
| Tool Version : Vivado v.2023.1 (win64) Build 3865809 Sun May  7 15:05:29 MDT 2023
| Date         : Sat Aug 16 17:45:27 2025
| Host         : DESKTOP-S7TDGUG running 64-bit major release  (build 9200)
| Command      : upgrade_ip
| Device       : xa7z010clg400-1I
---------------------------------------------------------------------------------------------------------------------------------------------

Upgrade Log for IP 'xfft_0'

1. Summary
----------

SUCCESS in the update of xfft_0 (xilinx.com:ip:xfft:9.1 (Rev. 9)) to current project options.






Copyright 1986-2022 Xilinx, Inc. All Rights Reserved. Copyright 2022-2023 Advanced Micro Devices, Inc. All Rights Reserved.
---------------------------------------------------------------------------------------------------------------------------------------------
| Tool Version : Vivado v.2023.1 (win64) Build 3865809 Sun May  7 15:05:29 MDT 2023
| Date         : Sat Aug 16 15:47:28 2025
| Host         : DESKTOP-S7TDGUG running 64-bit major release  (build 9200)
| Command      : upgrade_ip
| Device       : xc7z012sclg485-2
---------------------------------------------------------------------------------------------------------------------------------------------

Upgrade Log for IP 'xfft_0'

1. Summary
----------

SUCCESS in the update of xfft_0 (xilinx.com:ip:xfft:9.1 (Rev. 9)) to current project options.






Copyright 1986-2022 Xilinx, Inc. All Rights Reserved. Copyright 2022-2023 Advanced Micro Devices, Inc. All Rights Reserved.
---------------------------------------------------------------------------------------------------------------------------------------------
| Tool Version : Vivado v.2023.1 (win64) Build 3865809 Sun May  7 15:05:29 MDT 2023
| Date         : Wed Aug 13 12:26:00 2025
| Host         : DESKTOP-S7TDGUG running 64-bit major release  (build 9200)
| Command      : upgrade_ip
| Device       : xa7z010clg400-1I
---------------------------------------------------------------------------------------------------------------------------------------------

Upgrade Log for IP 'xfft_0'

1. Summary
----------

SUCCESS in the update of xfft_0 (xilinx.com:ip:xfft:9.1 (Rev. 9)) to current project options.






Copyright 1986-2022 Xilinx, Inc. All Rights Reserved. Copyright 2022-2023 Advanced Micro Devices, Inc. All Rights Reserved.
---------------------------------------------------------------------------------------------------------------------------------------------
| Tool Version : Vivado v.2023.1 (win64) Build 3865809 Sun May  7 15:05:29 MDT 2023
| Date         : Wed Aug 13 12:04:44 2025
| Host         : DESKTOP-S7TDGUG running 64-bit major release  (build 9200)
| Command      : upgrade_ip
| Device       : xc7z007sclg225-2
---------------------------------------------------------------------------------------------------------------------------------------------

Upgrade Log for IP 'xfft_0'

1. Summary
----------

SUCCESS in the update of xfft_0 (xilinx.com:ip:xfft:9.1 (Rev. 9)) to current project options.






Copyright 1986-2022 Xilinx, Inc. All Rights Reserved. Copyright 2022-2023 Advanced Micro Devices, Inc. All Rights Reserved.
---------------------------------------------------------------------------------------------------------------------------------------------
| Tool Version : Vivado v.2023.1 (win64) Build 3865809 Sun May  7 15:05:29 MDT 2023
| Date         : Mon Aug  4 13:35:13 2025
| Host         : DESKTOP-S7TDGUG running 64-bit major release  (build 9200)
| Command      : upgrade_ip
| Device       : xc7z012sclg485-2
---------------------------------------------------------------------------------------------------------------------------------------------

Upgrade Log for IP 'xfft_0'

1. Summary
----------

SUCCESS in the update of xfft_0 (xilinx.com:ip:xfft:9.1 (Rev. 9)) to current project options.

