INFO: [VRFC 10-163] Analyzing VHDL file "D:/Programming/TESI/MFCC_Blocks/MFCC_Blocks.sim/sim_1/impl/func/xsim/pipeline_tb_func_impl.vhd" into library xil_defaultlib
INFO: [VRFC 10-3107] analyzing entity 'dct'
INFO: [VRFC 10-3107] analyzing entity 'filterbanks'
INFO: [VRFC 10-3107] analyzing entity 'frame'
INFO: [VRFC 10-3107] analyzing entity 'log_compute'
INFO: [VRFC 10-3107] analyzing entity 'power_spectrum'
INFO: [VRFC 10-3107] analyzing entity 'sin_lifter'
INFO: [VRFC 10-3107] analyzing entity 'window'
INFO: [VRFC 10-3107] analyzing entity 'xfft_0_c_reg_fd_v12_0_6_viv'
INFO: [VRFC 10-3107] analyzing entity 'xfft_0_c_reg_fd_v12_0_6_viv_106'
INFO: [VRFC 10-3107] analyzing entity 'xfft_0_c_reg_fd_v12_0_6_viv_170'
INFO: [VRFC 10-3107] analyzing entity 'xfft_0_c_reg_fd_v12_0_6_viv_177'
INFO: [VRFC 10-3107] analyzing entity 'xfft_0_c_reg_fd_v12_0_6_viv_261'
INFO: [VRFC 10-3107] analyzing entity 'xfft_0_c_reg_fd_v12_0_6_viv_268'
INFO: [VRFC 10-3107] analyzing entity 'xfft_0_c_reg_fd_v12_0_6_viv_319'
INFO: [VRFC 10-3107] analyzing entity 'xfft_0_c_reg_fd_v12_0_6_viv_326'
INFO: [VRFC 10-3107] analyzing entity 'xfft_0_c_reg_fd_v12_0_6_viv_332'
INFO: [VRFC 10-3107] analyzing entity 'xfft_0_c_reg_fd_v12_0_6_viv_40'
INFO: [VRFC 10-3107] analyzing entity 'xfft_0_c_reg_fd_v12_0_6_viv_99'
INFO: [VRFC 10-3107] analyzing entity '\xfft_0_c_reg_fd_v12_0_6_viv__parameterized1\'
INFO: [VRFC 10-3107] analyzing entity '\xfft_0_c_reg_fd_v12_0_6_viv__parameterized11\'
INFO: [VRFC 10-3107] analyzing entity '\xfft_0_c_reg_fd_v12_0_6_viv__parameterized13\'
INFO: [VRFC 10-3107] analyzing entity '\xfft_0_c_reg_fd_v12_0_6_viv__parameterized13_135\'
INFO: [VRFC 10-3107] analyzing entity '\xfft_0_c_reg_fd_v12_0_6_viv__parameterized13_139\'
INFO: [VRFC 10-3107] analyzing entity '\xfft_0_c_reg_fd_v12_0_6_viv__parameterized13_16\'
INFO: [VRFC 10-3107] analyzing entity '\xfft_0_c_reg_fd_v12_0_6_viv__parameterized13_61\'
INFO: [VRFC 10-3107] analyzing entity '\xfft_0_c_reg_fd_v12_0_6_viv__parameterized13_65\'
INFO: [VRFC 10-3107] analyzing entity '\xfft_0_c_reg_fd_v12_0_6_viv__parameterized15\'
INFO: [VRFC 10-3107] analyzing entity '\xfft_0_c_reg_fd_v12_0_6_viv__parameterized17\'
INFO: [VRFC 10-3107] analyzing entity '\xfft_0_c_reg_fd_v12_0_6_viv__parameterized1_207\'
INFO: [VRFC 10-3107] analyzing entity '\xfft_0_c_reg_fd_v12_0_6_viv__parameterized1_211\'
INFO: [VRFC 10-3107] analyzing entity '\xfft_0_c_reg_fd_v12_0_6_viv__parameterized1_309\'
INFO: [VRFC 10-3107] analyzing entity '\xfft_0_c_reg_fd_v12_0_6_viv__parameterized1_313\'
INFO: [VRFC 10-3107] analyzing entity '\xfft_0_c_reg_fd_v12_0_6_viv__parameterized1_33\'
INFO: [VRFC 10-3107] analyzing entity '\xfft_0_c_reg_fd_v12_0_6_viv__parameterized1_88\'
INFO: [VRFC 10-3107] analyzing entity '\xfft_0_c_reg_fd_v12_0_6_viv__parameterized1_92\'
INFO: [VRFC 10-3107] analyzing entity '\xfft_0_c_reg_fd_v12_0_6_viv__parameterized3\'
INFO: [VRFC 10-3107] analyzing entity '\xfft_0_c_reg_fd_v12_0_6_viv__parameterized3_206\'
INFO: [VRFC 10-3107] analyzing entity '\xfft_0_c_reg_fd_v12_0_6_viv__parameterized3_301\'
INFO: [VRFC 10-3107] analyzing entity '\xfft_0_c_reg_fd_v12_0_6_viv__parameterized3_305\'
INFO: [VRFC 10-3107] analyzing entity '\xfft_0_c_reg_fd_v12_0_6_viv__parameterized5\'
INFO: [VRFC 10-3107] analyzing entity '\xfft_0_c_reg_fd_v12_0_6_viv__parameterized5_163\'
INFO: [VRFC 10-3107] analyzing entity '\xfft_0_c_reg_fd_v12_0_6_viv__parameterized5_250\'
INFO: [VRFC 10-3107] analyzing entity '\xfft_0_c_reg_fd_v12_0_6_viv__parameterized5_254\'
INFO: [VRFC 10-3107] analyzing entity '\xfft_0_c_reg_fd_v12_0_6_viv__parameterized7\'
INFO: [VRFC 10-3107] analyzing entity '\xfft_0_c_reg_fd_v12_0_6_viv__parameterized7_159\'
INFO: [VRFC 10-3107] analyzing entity '\xfft_0_c_reg_fd_v12_0_6_viv__parameterized7_242\'
INFO: [VRFC 10-3107] analyzing entity '\xfft_0_c_reg_fd_v12_0_6_viv__parameterized7_246\'
INFO: [VRFC 10-3107] analyzing entity '\xfft_0_c_reg_fd_v12_0_6_viv__parameterized9\'
INFO: [VRFC 10-3107] analyzing entity 'xfft_0_c_shift_ram_v12_0_14_legacy'
INFO: [VRFC 10-3107] analyzing entity '\xfft_0_c_shift_ram_v12_0_14_legacy__1\'
INFO: [VRFC 10-3107] analyzing entity '\xfft_0_c_shift_ram_v12_0_14_legacy__2\'
INFO: [VRFC 10-3107] analyzing entity '\xfft_0_c_shift_ram_v12_0_14_legacy__3\'
INFO: [VRFC 10-3107] analyzing entity '\xfft_0_c_shift_ram_v12_0_14_legacy__4\'
INFO: [VRFC 10-3107] analyzing entity '\xfft_0_c_shift_ram_v12_0_14_legacy__5\'
INFO: [VRFC 10-3107] analyzing entity '\xfft_0_c_shift_ram_v12_0_14_legacy__6\'
INFO: [VRFC 10-3107] analyzing entity '\xfft_0_c_shift_ram_v12_0_14_legacy__7\'
INFO: [VRFC 10-3107] analyzing entity '\xfft_0_c_shift_ram_v12_0_14_legacy__parameterized0\'
INFO: [VRFC 10-3107] analyzing entity '\xfft_0_c_shift_ram_v12_0_14_legacy__parameterized0__1\'
INFO: [VRFC 10-3107] analyzing entity '\xfft_0_c_shift_ram_v12_0_14_legacy__parameterized1\'
INFO: [VRFC 10-3107] analyzing entity '\xfft_0_c_shift_ram_v12_0_14_legacy__parameterized10\'
INFO: [VRFC 10-3107] analyzing entity '\xfft_0_c_shift_ram_v12_0_14_legacy__parameterized12\'
INFO: [VRFC 10-3107] analyzing entity '\xfft_0_c_shift_ram_v12_0_14_legacy__parameterized13__1\'
INFO: [VRFC 10-3107] analyzing entity '\xfft_0_c_shift_ram_v12_0_14_legacy__parameterized14\'
INFO: [VRFC 10-3107] analyzing entity '\xfft_0_c_shift_ram_v12_0_14_legacy__parameterized15\'
INFO: [VRFC 10-3107] analyzing entity '\xfft_0_c_shift_ram_v12_0_14_legacy__parameterized16\'
INFO: [VRFC 10-3107] analyzing entity '\xfft_0_c_shift_ram_v12_0_14_legacy__parameterized17\'
INFO: [VRFC 10-3107] analyzing entity '\xfft_0_c_shift_ram_v12_0_14_legacy__parameterized18\'
INFO: [VRFC 10-3107] analyzing entity '\xfft_0_c_shift_ram_v12_0_14_legacy__parameterized19\'
INFO: [VRFC 10-3107] analyzing entity '\xfft_0_c_shift_ram_v12_0_14_legacy__parameterized1__1\'
INFO: [VRFC 10-3107] analyzing entity '\xfft_0_c_shift_ram_v12_0_14_legacy__parameterized1__2\'
INFO: [VRFC 10-3107] analyzing entity '\xfft_0_c_shift_ram_v12_0_14_legacy__parameterized1__3\'
INFO: [VRFC 10-3107] analyzing entity '\xfft_0_c_shift_ram_v12_0_14_legacy__parameterized2\'
INFO: [VRFC 10-3107] analyzing entity '\xfft_0_c_shift_ram_v12_0_14_legacy__parameterized20\'
INFO: [VRFC 10-3107] analyzing entity '\xfft_0_c_shift_ram_v12_0_14_legacy__parameterized22\'
INFO: [VRFC 10-3107] analyzing entity '\xfft_0_c_shift_ram_v12_0_14_legacy__parameterized24\'
INFO: [VRFC 10-3107] analyzing entity '\xfft_0_c_shift_ram_v12_0_14_legacy__parameterized25\'
INFO: [VRFC 10-3107] analyzing entity '\xfft_0_c_shift_ram_v12_0_14_legacy__parameterized2__1\'
INFO: [VRFC 10-3107] analyzing entity '\xfft_0_c_shift_ram_v12_0_14_legacy__parameterized3\'
INFO: [VRFC 10-3107] analyzing entity '\xfft_0_c_shift_ram_v12_0_14_legacy__parameterized4\'
INFO: [VRFC 10-3107] analyzing entity '\xfft_0_c_shift_ram_v12_0_14_legacy__parameterized5__1\'
INFO: [VRFC 10-3107] analyzing entity '\xfft_0_c_shift_ram_v12_0_14_legacy__parameterized5__10\'
INFO: [VRFC 10-3107] analyzing entity '\xfft_0_c_shift_ram_v12_0_14_legacy__parameterized5__11\'
INFO: [VRFC 10-3107] analyzing entity '\xfft_0_c_shift_ram_v12_0_14_legacy__parameterized5__2\'
INFO: [VRFC 10-3107] analyzing entity '\xfft_0_c_shift_ram_v12_0_14_legacy__parameterized5__3\'
INFO: [VRFC 10-3107] analyzing entity '\xfft_0_c_shift_ram_v12_0_14_legacy__parameterized5__4\'
INFO: [VRFC 10-3107] analyzing entity '\xfft_0_c_shift_ram_v12_0_14_legacy__parameterized5__5\'
INFO: [VRFC 10-3107] analyzing entity '\xfft_0_c_shift_ram_v12_0_14_legacy__parameterized5__6\'
INFO: [VRFC 10-3107] analyzing entity '\xfft_0_c_shift_ram_v12_0_14_legacy__parameterized5__7\'
INFO: [VRFC 10-3107] analyzing entity '\xfft_0_c_shift_ram_v12_0_14_legacy__parameterized5__8\'
INFO: [VRFC 10-3107] analyzing entity '\xfft_0_c_shift_ram_v12_0_14_legacy__parameterized5__9\'
INFO: [VRFC 10-3107] analyzing entity '\xfft_0_c_shift_ram_v12_0_14_legacy__parameterized6\'
INFO: [VRFC 10-3107] analyzing entity '\xfft_0_c_shift_ram_v12_0_14_legacy__parameterized7\'
INFO: [VRFC 10-3107] analyzing entity '\xfft_0_c_shift_ram_v12_0_14_legacy__parameterized8\'
INFO: [VRFC 10-3107] analyzing entity '\xfft_0_c_shift_ram_v12_0_14_legacy__parameterized9\'
INFO: [VRFC 10-3107] analyzing entity '\xfft_0_cmpy_v6_0_21_delay_line__parameterized0\'
INFO: [VRFC 10-3107] analyzing entity '\xfft_0_cmpy_v6_0_21_delay_line__parameterized0_111\'
INFO: [VRFC 10-3107] analyzing entity '\xfft_0_cmpy_v6_0_21_delay_line__parameterized0_112\'
INFO: [VRFC 10-3107] analyzing entity '\xfft_0_cmpy_v6_0_21_delay_line__parameterized0_182\'
INFO: [VRFC 10-3107] analyzing entity '\xfft_0_cmpy_v6_0_21_delay_line__parameterized0_183\'
INFO: [VRFC 10-3107] analyzing entity '\xfft_0_cmpy_v6_0_21_delay_line__parameterized0_273\'
INFO: [VRFC 10-3107] analyzing entity '\xfft_0_cmpy_v6_0_21_delay_line__parameterized0_274\'
INFO: [VRFC 10-3107] analyzing entity '\xfft_0_cmpy_v6_0_21_delay_line__parameterized0_41\'
INFO: [VRFC 10-3107] analyzing entity '\xfft_0_cmpy_v6_0_21_delay_line__parameterized2\'
INFO: [VRFC 10-3107] analyzing entity '\xfft_0_cmpy_v6_0_21_delay_line__parameterized2_113\'
INFO: [VRFC 10-3107] analyzing entity '\xfft_0_cmpy_v6_0_21_delay_line__parameterized2_184\'
INFO: [VRFC 10-3107] analyzing entity '\xfft_0_cmpy_v6_0_21_delay_line__parameterized2_275\'
INFO: [VRFC 10-3107] analyzing entity '\xfft_0_cmpy_v6_0_21_delay_line__parameterized3\'
INFO: [VRFC 10-3107] analyzing entity '\xfft_0_cmpy_v6_0_21_delay_line__parameterized3_114\'
INFO: [VRFC 10-3107] analyzing entity '\xfft_0_cmpy_v6_0_21_delay_line__parameterized3_185\'
INFO: [VRFC 10-3107] analyzing entity '\xfft_0_cmpy_v6_0_21_delay_line__parameterized3_276\'
INFO: [VRFC 10-3107] analyzing entity '\xfft_0_cmpy_v6_0_21_delay_line__parameterized4\'
INFO: [VRFC 10-3107] analyzing entity '\xfft_0_cmpy_v6_0_21_delay_line__parameterized4_115\'
INFO: [VRFC 10-3107] analyzing entity '\xfft_0_cmpy_v6_0_21_delay_line__parameterized4_116\'
INFO: [VRFC 10-3107] analyzing entity '\xfft_0_cmpy_v6_0_21_delay_line__parameterized4_117\'
INFO: [VRFC 10-3107] analyzing entity '\xfft_0_cmpy_v6_0_21_delay_line__parameterized4_118\'
INFO: [VRFC 10-3107] analyzing entity '\xfft_0_cmpy_v6_0_21_delay_line__parameterized4_119\'
INFO: [VRFC 10-3107] analyzing entity '\xfft_0_cmpy_v6_0_21_delay_line__parameterized4_120\'
INFO: [VRFC 10-3107] analyzing entity '\xfft_0_cmpy_v6_0_21_delay_line__parameterized4_121\'
INFO: [VRFC 10-3107] analyzing entity '\xfft_0_cmpy_v6_0_21_delay_line__parameterized4_122\'
INFO: [VRFC 10-3107] analyzing entity '\xfft_0_cmpy_v6_0_21_delay_line__parameterized4_186\'
INFO: [VRFC 10-3107] analyzing entity '\xfft_0_cmpy_v6_0_21_delay_line__parameterized4_187\'
INFO: [VRFC 10-3107] analyzing entity '\xfft_0_cmpy_v6_0_21_delay_line__parameterized4_188\'
INFO: [VRFC 10-3107] analyzing entity '\xfft_0_cmpy_v6_0_21_delay_line__parameterized4_189\'
INFO: [VRFC 10-3107] analyzing entity '\xfft_0_cmpy_v6_0_21_delay_line__parameterized4_190\'
INFO: [VRFC 10-3107] analyzing entity '\xfft_0_cmpy_v6_0_21_delay_line__parameterized4_191\'
INFO: [VRFC 10-3107] analyzing entity '\xfft_0_cmpy_v6_0_21_delay_line__parameterized4_192\'
INFO: [VRFC 10-3107] analyzing entity '\xfft_0_cmpy_v6_0_21_delay_line__parameterized4_193\'
INFO: [VRFC 10-3107] analyzing entity '\xfft_0_cmpy_v6_0_21_delay_line__parameterized4_277\'
INFO: [VRFC 10-3107] analyzing entity '\xfft_0_cmpy_v6_0_21_delay_line__parameterized4_278\'
INFO: [VRFC 10-3107] analyzing entity '\xfft_0_cmpy_v6_0_21_delay_line__parameterized4_279\'
INFO: [VRFC 10-3107] analyzing entity '\xfft_0_cmpy_v6_0_21_delay_line__parameterized4_280\'
INFO: [VRFC 10-3107] analyzing entity '\xfft_0_cmpy_v6_0_21_delay_line__parameterized4_281\'
INFO: [VRFC 10-3107] analyzing entity '\xfft_0_cmpy_v6_0_21_delay_line__parameterized4_282\'
INFO: [VRFC 10-3107] analyzing entity '\xfft_0_cmpy_v6_0_21_delay_line__parameterized4_283\'
INFO: [VRFC 10-3107] analyzing entity '\xfft_0_cmpy_v6_0_21_delay_line__parameterized4_284\'
INFO: [VRFC 10-3107] analyzing entity '\xfft_0_cmpy_v6_0_21_delay_line__parameterized4_42\'
INFO: [VRFC 10-3107] analyzing entity '\xfft_0_cmpy_v6_0_21_delay_line__parameterized4_43\'
INFO: [VRFC 10-3107] analyzing entity '\xfft_0_cmpy_v6_0_21_delay_line__parameterized4_44\'
INFO: [VRFC 10-3107] analyzing entity '\xfft_0_cmpy_v6_0_21_delay_line__parameterized4_45\'
INFO: [VRFC 10-3107] analyzing entity '\xfft_0_cmpy_v6_0_21_delay_line__parameterized4_46\'
INFO: [VRFC 10-3107] analyzing entity '\xfft_0_cmpy_v6_0_21_delay_line__parameterized4_47\'
INFO: [VRFC 10-3107] analyzing entity '\xfft_0_cmpy_v6_0_21_delay_line__parameterized4_48\'
INFO: [VRFC 10-3107] analyzing entity 'xfft_0_dpm'
INFO: [VRFC 10-3107] analyzing entity '\xfft_0_dpm__parameterized0\'
INFO: [VRFC 10-3107] analyzing entity '\xfft_0_dpm__parameterized1\'
INFO: [VRFC 10-3107] analyzing entity 'xfft_0_equ_rtl'
INFO: [VRFC 10-3107] analyzing entity 'xfft_0_equ_rtl_102'
INFO: [VRFC 10-3107] analyzing entity 'xfft_0_equ_rtl_166'
INFO: [VRFC 10-3107] analyzing entity 'xfft_0_equ_rtl_173'
INFO: [VRFC 10-3107] analyzing entity 'xfft_0_equ_rtl_257'
INFO: [VRFC 10-3107] analyzing entity 'xfft_0_equ_rtl_264'
INFO: [VRFC 10-3107] analyzing entity 'xfft_0_equ_rtl_315'
INFO: [VRFC 10-3107] analyzing entity 'xfft_0_equ_rtl_320'
INFO: [VRFC 10-3107] analyzing entity 'xfft_0_equ_rtl_322'
INFO: [VRFC 10-3107] analyzing entity 'xfft_0_equ_rtl_328'
INFO: [VRFC 10-3107] analyzing entity 'xfft_0_equ_rtl_36'
INFO: [VRFC 10-3107] analyzing entity 'xfft_0_equ_rtl_95'
INFO: [VRFC 10-3107] analyzing entity '\xfft_0_equ_rtl__parameterized0\'
INFO: [VRFC 10-3107] analyzing entity '\xfft_0_equ_rtl__parameterized0_101\'
INFO: [VRFC 10-3107] analyzing entity '\xfft_0_equ_rtl__parameterized0_165\'
INFO: [VRFC 10-3107] analyzing entity '\xfft_0_equ_rtl__parameterized0_172\'
INFO: [VRFC 10-3107] analyzing entity '\xfft_0_equ_rtl__parameterized0_256\'
INFO: [VRFC 10-3107] analyzing entity '\xfft_0_equ_rtl__parameterized0_263\'
INFO: [VRFC 10-3107] analyzing entity '\xfft_0_equ_rtl__parameterized0_35\'
INFO: [VRFC 10-3107] analyzing entity '\xfft_0_equ_rtl__parameterized0_94\'
INFO: [VRFC 10-3107] analyzing entity 'xfft_0_glb_srl_fifo'
INFO: [VRFC 10-3107] analyzing entity '\xfft_0_glb_srl_fifo__parameterized1\'
INFO: [VRFC 10-3107] analyzing entity '\xfft_0_glb_srl_fifo__parameterized3\'
INFO: [VRFC 10-3107] analyzing entity 'xfft_0_mux_bus4'
INFO: [VRFC 10-3107] analyzing entity '\xfft_0_mux_bus4__parameterized0\'
INFO: [VRFC 10-3107] analyzing entity '\xfft_0_mux_bus4__parameterized0_145\'
INFO: [VRFC 10-3107] analyzing entity '\xfft_0_mux_bus4__parameterized0_146\'
INFO: [VRFC 10-3107] analyzing entity '\xfft_0_mux_bus4__parameterized0_18\'
INFO: [VRFC 10-3107] analyzing entity '\xfft_0_mux_bus4__parameterized0_221\'
INFO: [VRFC 10-3107] analyzing entity '\xfft_0_mux_bus4__parameterized0_222\'
INFO: [VRFC 10-3107] analyzing entity '\xfft_0_mux_bus4__parameterized0_69\'
INFO: [VRFC 10-3107] analyzing entity '\xfft_0_mux_bus4__parameterized0_70\'
INFO: [VRFC 10-3107] analyzing entity '\xfft_0_mux_bus4__parameterized1\'
INFO: [VRFC 10-3107] analyzing entity '\xfft_0_mux_bus4__parameterized2\'
INFO: [VRFC 10-3107] analyzing entity '\xfft_0_mux_bus4__parameterized3\'
INFO: [VRFC 10-3107] analyzing entity 'xfft_0_r22_twos_comp_mux'
INFO: [VRFC 10-3107] analyzing entity 'xfft_0_r22_twos_comp_mux_150'
INFO: [VRFC 10-3107] analyzing entity 'xfft_0_r22_twos_comp_mux_230'
INFO: [VRFC 10-3107] analyzing entity 'xfft_0_r22_twos_comp_mux_76'
INFO: [VRFC 10-3107] analyzing entity '\xfft_0_r22_twos_comp_mux__parameterized0\'
INFO: [VRFC 10-3107] analyzing entity '\xfft_0_r22_twos_comp_mux__parameterized0_149\'
INFO: [VRFC 10-3107] analyzing entity '\xfft_0_r22_twos_comp_mux__parameterized0_229\'
INFO: [VRFC 10-3107] analyzing entity '\xfft_0_r22_twos_comp_mux__parameterized0_75\'
INFO: [VRFC 10-3107] analyzing entity '\xfft_0_shift_ram__parameterized0\'
INFO: [VRFC 10-3107] analyzing entity '\xfft_0_shift_ram__parameterized0_214\'
INFO: [VRFC 10-3107] analyzing entity '\xfft_0_shift_ram__parameterized1\'
INFO: [VRFC 10-3107] analyzing entity '\xfft_0_shift_ram__parameterized10\'
INFO: [VRFC 10-3107] analyzing entity '\xfft_0_shift_ram__parameterized10_212\'
INFO: [VRFC 10-3107] analyzing entity '\xfft_0_shift_ram__parameterized13\'
INFO: [VRFC 10-3107] analyzing entity '\xfft_0_shift_ram__parameterized13_194\'
INFO: [VRFC 10-3107] analyzing entity '\xfft_0_shift_ram__parameterized13_224\'
INFO: [VRFC 10-3107] analyzing entity '\xfft_0_shift_ram__parameterized13_286\'
INFO: [VRFC 10-3107] analyzing entity '\xfft_0_shift_ram__parameterized14\'
INFO: [VRFC 10-3107] analyzing entity '\xfft_0_shift_ram__parameterized14_199\'
INFO: [VRFC 10-3107] analyzing entity '\xfft_0_shift_ram__parameterized14_290\'
INFO: [VRFC 10-3107] analyzing entity '\xfft_0_shift_ram__parameterized15\'
INFO: [VRFC 10-3107] analyzing entity '\xfft_0_shift_ram__parameterized17\'
INFO: [VRFC 10-3107] analyzing entity '\xfft_0_shift_ram__parameterized17_152\'
INFO: [VRFC 10-3107] analyzing entity '\xfft_0_shift_ram__parameterized17_231\'
INFO: [VRFC 10-3107] analyzing entity '\xfft_0_shift_ram__parameterized17_233\'
INFO: [VRFC 10-3107] analyzing entity '\xfft_0_shift_ram__parameterized18\'
INFO: [VRFC 10-3107] analyzing entity '\xfft_0_shift_ram__parameterized20\'
INFO: [VRFC 10-3107] analyzing entity '\xfft_0_shift_ram__parameterized20_147\'
INFO: [VRFC 10-3107] analyzing entity '\xfft_0_shift_ram__parameterized20_226\'
INFO: [VRFC 10-3107] analyzing entity '\xfft_0_shift_ram__parameterized20_227\'
INFO: [VRFC 10-3107] analyzing entity '\xfft_0_shift_ram__parameterized22\'
INFO: [VRFC 10-3107] analyzing entity '\xfft_0_shift_ram__parameterized22_0\'
INFO: [VRFC 10-3107] analyzing entity '\xfft_0_shift_ram__parameterized22_11\'
INFO: [VRFC 10-3107] analyzing entity '\xfft_0_shift_ram__parameterized22_130\'
INFO: [VRFC 10-3107] analyzing entity '\xfft_0_shift_ram__parameterized22_148\'
INFO: [VRFC 10-3107] analyzing entity '\xfft_0_shift_ram__parameterized22_228\'
INFO: [VRFC 10-3107] analyzing entity '\xfft_0_shift_ram__parameterized22_29\'
INFO: [VRFC 10-3107] analyzing entity '\xfft_0_shift_ram__parameterized22_4\'
INFO: [VRFC 10-3107] analyzing entity '\xfft_0_shift_ram__parameterized22_56\'
INFO: [VRFC 10-3107] analyzing entity '\xfft_0_shift_ram__parameterized22_84\'
INFO: [VRFC 10-3107] analyzing entity '\xfft_0_shift_ram__parameterized23\'
INFO: [VRFC 10-3107] analyzing entity '\xfft_0_shift_ram__parameterized24\'
INFO: [VRFC 10-3107] analyzing entity '\xfft_0_shift_ram__parameterized25\'
INFO: [VRFC 10-3107] analyzing entity '\xfft_0_shift_ram__parameterized25_141\'
INFO: [VRFC 10-3107] analyzing entity '\xfft_0_shift_ram__parameterized2_196\'
INFO: [VRFC 10-3107] analyzing entity '\xfft_0_shift_ram__parameterized2_197\'
INFO: [VRFC 10-3107] analyzing entity '\xfft_0_shift_ram__parameterized2_2\'
INFO: [VRFC 10-3107] analyzing entity '\xfft_0_shift_ram__parameterized2_289\'
INFO: [VRFC 10-3107] analyzing entity '\xfft_0_shift_ram__parameterized3\'
INFO: [VRFC 10-3107] analyzing entity '\xfft_0_shift_ram__parameterized42\'
INFO: [VRFC 10-3107] analyzing entity '\xfft_0_shift_ram__parameterized42_125\'
INFO: [VRFC 10-3107] analyzing entity '\xfft_0_shift_ram__parameterized43\'
INFO: [VRFC 10-3107] analyzing entity '\xfft_0_shift_ram__parameterized43_131\'
INFO: [VRFC 10-3107] analyzing entity '\xfft_0_shift_ram__parameterized46\'
INFO: [VRFC 10-3107] analyzing entity '\xfft_0_shift_ram__parameterized46_74\'
INFO: [VRFC 10-3107] analyzing entity '\xfft_0_shift_ram__parameterized46_82\'
INFO: [VRFC 10-3107] analyzing entity '\xfft_0_shift_ram__parameterized46_83\'
INFO: [VRFC 10-3107] analyzing entity '\xfft_0_shift_ram__parameterized56\'
INFO: [VRFC 10-3107] analyzing entity '\xfft_0_shift_ram__parameterized59\'
INFO: [VRFC 10-3107] analyzing entity '\xfft_0_shift_ram__parameterized59_51\'
INFO: [VRFC 10-3107] analyzing entity '\xfft_0_shift_ram__parameterized60\'
INFO: [VRFC 10-3107] analyzing entity '\xfft_0_shift_ram__parameterized60_57\'
INFO: [VRFC 10-3107] analyzing entity '\xfft_0_shift_ram__parameterized62\'
INFO: [VRFC 10-3107] analyzing entity '\xfft_0_shift_ram__parameterized62_21\'
INFO: [VRFC 10-3107] analyzing entity '\xfft_0_shift_ram__parameterized62_27\'
INFO: [VRFC 10-3107] analyzing entity '\xfft_0_shift_ram__parameterized62_28\'
INFO: [VRFC 10-3107] analyzing entity '\xfft_0_shift_ram__parameterized63\'
INFO: [VRFC 10-3107] analyzing entity '\xfft_0_shift_ram__parameterized66\'
INFO: [VRFC 10-3107] analyzing entity '\xfft_0_shift_ram__parameterized68\'
INFO: [VRFC 10-3107] analyzing entity '\xfft_0_shift_ram__parameterized7\'
INFO: [VRFC 10-3107] analyzing entity '\xfft_0_shift_ram__parameterized73\'
INFO: [VRFC 10-3107] analyzing entity '\xfft_0_shift_ram__parameterized74\'
INFO: [VRFC 10-3107] analyzing entity '\xfft_0_shift_ram__parameterized74_8\'
INFO: [VRFC 10-3107] analyzing entity '\xfft_0_shift_ram__parameterized75\'
INFO: [VRFC 10-3107] analyzing entity '\xfft_0_shift_ram__parameterized75_12\'
INFO: [VRFC 10-3107] analyzing entity '\xfft_0_shift_ram__parameterized76\'
INFO: [VRFC 10-3107] analyzing entity '\xfft_0_shift_ram__parameterized76_1\'
INFO: [VRFC 10-3107] analyzing entity '\xfft_0_shift_ram__parameterized77\'
INFO: [VRFC 10-3107] analyzing entity '\xfft_0_shift_ram__parameterized79\'
INFO: [VRFC 10-3107] analyzing entity '\xfft_0_shift_ram__parameterized7_217\'
INFO: [VRFC 10-3107] analyzing entity '\xfft_0_shift_ram__parameterized9\'
INFO: [VRFC 10-3107] analyzing entity 'xfft_0_twgen_distmem'
INFO: [VRFC 10-3107] analyzing entity '\xfft_0_twgen_distmem__parameterized0\'
INFO: [VRFC 10-3107] analyzing entity '\xfft_0_twgen_distmem__parameterized1\'
INFO: [VRFC 10-3107] analyzing entity 'xfft_0_twgen_half_sincos'
INFO: [VRFC 10-3107] analyzing entity 'xfft_0_xfft_v9_1_9_mux_bus2'
INFO: [VRFC 10-3107] analyzing entity 'xfft_0_xfft_v9_1_9_mux_bus2_10'
INFO: [VRFC 10-3107] analyzing entity 'xfft_0_xfft_v9_1_9_mux_bus2_128'
INFO: [VRFC 10-3107] analyzing entity 'xfft_0_xfft_v9_1_9_mux_bus2_129'
INFO: [VRFC 10-3107] analyzing entity 'xfft_0_xfft_v9_1_9_mux_bus2_198'
INFO: [VRFC 10-3107] analyzing entity 'xfft_0_xfft_v9_1_9_mux_bus2_200'
INFO: [VRFC 10-3107] analyzing entity 'xfft_0_xfft_v9_1_9_mux_bus2_291'
INFO: [VRFC 10-3107] analyzing entity 'xfft_0_xfft_v9_1_9_mux_bus2_293'
INFO: [VRFC 10-3107] analyzing entity 'xfft_0_xfft_v9_1_9_mux_bus2_54'
INFO: [VRFC 10-3107] analyzing entity 'xfft_0_xfft_v9_1_9_mux_bus2_55'
INFO: [VRFC 10-3107] analyzing entity '\xfft_0_xfft_v9_1_9_mux_bus2__parameterized0\'
INFO: [VRFC 10-3107] analyzing entity '\xfft_0_xfft_v9_1_9_mux_bus2__parameterized0_151\'
INFO: [VRFC 10-3107] analyzing entity '\xfft_0_xfft_v9_1_9_mux_bus2__parameterized0_153\'
INFO: [VRFC 10-3107] analyzing entity '\xfft_0_xfft_v9_1_9_mux_bus2__parameterized0_22\'
INFO: [VRFC 10-3107] analyzing entity '\xfft_0_xfft_v9_1_9_mux_bus2__parameterized0_23\'
INFO: [VRFC 10-3107] analyzing entity '\xfft_0_xfft_v9_1_9_mux_bus2__parameterized0_232\'
INFO: [VRFC 10-3107] analyzing entity '\xfft_0_xfft_v9_1_9_mux_bus2__parameterized0_234\'
INFO: [VRFC 10-3107] analyzing entity '\xfft_0_xfft_v9_1_9_mux_bus2__parameterized0_24\'
INFO: [VRFC 10-3107] analyzing entity '\xfft_0_xfft_v9_1_9_mux_bus2__parameterized0_25\'
INFO: [VRFC 10-3107] analyzing entity '\xfft_0_xfft_v9_1_9_mux_bus2__parameterized0_6\'
INFO: [VRFC 10-3107] analyzing entity '\xfft_0_xfft_v9_1_9_mux_bus2__parameterized0_77\'
INFO: [VRFC 10-3107] analyzing entity '\xfft_0_xfft_v9_1_9_mux_bus2__parameterized0_78\'
INFO: [VRFC 10-3107] analyzing entity '\xfft_0_xfft_v9_1_9_mux_bus2__parameterized0_79\'
INFO: [VRFC 10-3107] analyzing entity '\xfft_0_xfft_v9_1_9_mux_bus2__parameterized0_80\'
INFO: [VRFC 10-3107] analyzing entity '\xfft_0_xfft_v9_1_9_mux_bus2__parameterized1\'
INFO: [VRFC 10-3107] analyzing entity '\xfft_0_xfft_v9_1_9_mux_bus2__parameterized1_126\'
INFO: [VRFC 10-3107] analyzing entity '\xfft_0_xfft_v9_1_9_mux_bus2__parameterized1_127\'
INFO: [VRFC 10-3107] analyzing entity '\xfft_0_xfft_v9_1_9_mux_bus2__parameterized1_52\'
INFO: [VRFC 10-3107] analyzing entity '\xfft_0_xfft_v9_1_9_mux_bus2__parameterized1_53\'
INFO: [VRFC 10-3107] analyzing entity '\xfft_0_xfft_v9_1_9_mux_bus2__parameterized1_9\'
INFO: [VRFC 10-3107] analyzing entity 'xfft_0_arith_shift1'
INFO: [VRFC 10-3107] analyzing entity 'xfft_0_arith_shift1_5'
INFO: [VRFC 10-3107] analyzing entity 'xfft_0_arith_shift3'
INFO: [VRFC 10-3107] analyzing entity 'xfft_0_arith_shift3_143'
INFO: [VRFC 10-3107] analyzing entity 'xfft_0_arith_shift3_144'
INFO: [VRFC 10-3107] analyzing entity 'xfft_0_arith_shift3_17'
INFO: [VRFC 10-3107] analyzing entity 'xfft_0_arith_shift3_219'
INFO: [VRFC 10-3107] analyzing entity 'xfft_0_arith_shift3_220'
INFO: [VRFC 10-3107] analyzing entity 'xfft_0_arith_shift3_67'
INFO: [VRFC 10-3107] analyzing entity 'xfft_0_arith_shift3_68'
INFO: [VRFC 10-3107] analyzing entity 'xfft_0_c_addsub_v12_0_15_lut6_legacy'
INFO: [VRFC 10-3107] analyzing entity 'xfft_0_c_addsub_v12_0_15_lut6_legacy_105'
INFO: [VRFC 10-3107] analyzing entity 'xfft_0_c_addsub_v12_0_15_lut6_legacy_169'
INFO: [VRFC 10-3107] analyzing entity 'xfft_0_c_addsub_v12_0_15_lut6_legacy_176'
INFO: [VRFC 10-3107] analyzing entity 'xfft_0_c_addsub_v12_0_15_lut6_legacy_260'
INFO: [VRFC 10-3107] analyzing entity 'xfft_0_c_addsub_v12_0_15_lut6_legacy_267'
INFO: [VRFC 10-3107] analyzing entity 'xfft_0_c_addsub_v12_0_15_lut6_legacy_318'
INFO: [VRFC 10-3107] analyzing entity 'xfft_0_c_addsub_v12_0_15_lut6_legacy_325'
INFO: [VRFC 10-3107] analyzing entity 'xfft_0_c_addsub_v12_0_15_lut6_legacy_331'
INFO: [VRFC 10-3107] analyzing entity 'xfft_0_c_addsub_v12_0_15_lut6_legacy_39'
INFO: [VRFC 10-3107] analyzing entity 'xfft_0_c_addsub_v12_0_15_lut6_legacy_98'
INFO: [VRFC 10-3107] analyzing entity '\xfft_0_c_addsub_v12_0_15_lut6_legacy__parameterized1\'
INFO: [VRFC 10-3107] analyzing entity '\xfft_0_c_addsub_v12_0_15_lut6_legacy__parameterized11\'
INFO: [VRFC 10-3107] analyzing entity '\xfft_0_c_addsub_v12_0_15_lut6_legacy__parameterized13\'
INFO: [VRFC 10-3107] analyzing entity '\xfft_0_c_addsub_v12_0_15_lut6_legacy__parameterized13_134\'
INFO: [VRFC 10-3107] analyzing entity '\xfft_0_c_addsub_v12_0_15_lut6_legacy__parameterized13_138\'
INFO: [VRFC 10-3107] analyzing entity '\xfft_0_c_addsub_v12_0_15_lut6_legacy__parameterized13_15\'
INFO: [VRFC 10-3107] analyzing entity '\xfft_0_c_addsub_v12_0_15_lut6_legacy__parameterized13_60\'
INFO: [VRFC 10-3107] analyzing entity '\xfft_0_c_addsub_v12_0_15_lut6_legacy__parameterized13_64\'
INFO: [VRFC 10-3107] analyzing entity '\xfft_0_c_addsub_v12_0_15_lut6_legacy__parameterized15\'
INFO: [VRFC 10-3107] analyzing entity '\xfft_0_c_addsub_v12_0_15_lut6_legacy__parameterized15_32\'
INFO: [VRFC 10-3107] analyzing entity '\xfft_0_c_addsub_v12_0_15_lut6_legacy__parameterized15_87\'
INFO: [VRFC 10-3107] analyzing entity '\xfft_0_c_addsub_v12_0_15_lut6_legacy__parameterized15_91\'
INFO: [VRFC 10-3107] analyzing entity '\xfft_0_c_addsub_v12_0_15_lut6_legacy__parameterized17\'
INFO: [VRFC 10-3107] analyzing entity '\xfft_0_c_addsub_v12_0_15_lut6_legacy__parameterized19\'
INFO: [VRFC 10-3107] analyzing entity '\xfft_0_c_addsub_v12_0_15_lut6_legacy__parameterized1_210\'
INFO: [VRFC 10-3107] analyzing entity '\xfft_0_c_addsub_v12_0_15_lut6_legacy__parameterized1_308\'
INFO: [VRFC 10-3107] analyzing entity '\xfft_0_c_addsub_v12_0_15_lut6_legacy__parameterized1_312\'
INFO: [VRFC 10-3107] analyzing entity '\xfft_0_c_addsub_v12_0_15_lut6_legacy__parameterized3\'
INFO: [VRFC 10-3107] analyzing entity '\xfft_0_c_addsub_v12_0_15_lut6_legacy__parameterized3_205\'
INFO: [VRFC 10-3107] analyzing entity '\xfft_0_c_addsub_v12_0_15_lut6_legacy__parameterized3_300\'
INFO: [VRFC 10-3107] analyzing entity '\xfft_0_c_addsub_v12_0_15_lut6_legacy__parameterized3_304\'
INFO: [VRFC 10-3107] analyzing entity '\xfft_0_c_addsub_v12_0_15_lut6_legacy__parameterized5\'
INFO: [VRFC 10-3107] analyzing entity '\xfft_0_c_addsub_v12_0_15_lut6_legacy__parameterized5_162\'
INFO: [VRFC 10-3107] analyzing entity '\xfft_0_c_addsub_v12_0_15_lut6_legacy__parameterized5_249\'
INFO: [VRFC 10-3107] analyzing entity '\xfft_0_c_addsub_v12_0_15_lut6_legacy__parameterized5_253\'
INFO: [VRFC 10-3107] analyzing entity '\xfft_0_c_addsub_v12_0_15_lut6_legacy__parameterized7\'
INFO: [VRFC 10-3107] analyzing entity '\xfft_0_c_addsub_v12_0_15_lut6_legacy__parameterized7_158\'
INFO: [VRFC 10-3107] analyzing entity '\xfft_0_c_addsub_v12_0_15_lut6_legacy__parameterized7_241\'
INFO: [VRFC 10-3107] analyzing entity '\xfft_0_c_addsub_v12_0_15_lut6_legacy__parameterized7_245\'
INFO: [VRFC 10-3107] analyzing entity '\xfft_0_c_addsub_v12_0_15_lut6_legacy__parameterized9\'
INFO: [VRFC 10-3107] analyzing entity 'xfft_0_c_shift_ram_v12_0_14_viv'
INFO: [VRFC 10-3107] analyzing entity '\xfft_0_c_shift_ram_v12_0_14_viv__1\'
INFO: [VRFC 10-3107] analyzing entity '\xfft_0_c_shift_ram_v12_0_14_viv__2\'
INFO: [VRFC 10-3107] analyzing entity '\xfft_0_c_shift_ram_v12_0_14_viv__3\'
INFO: [VRFC 10-3107] analyzing entity '\xfft_0_c_shift_ram_v12_0_14_viv__4\'
INFO: [VRFC 10-3107] analyzing entity '\xfft_0_c_shift_ram_v12_0_14_viv__5\'
INFO: [VRFC 10-3107] analyzing entity '\xfft_0_c_shift_ram_v12_0_14_viv__6\'
INFO: [VRFC 10-3107] analyzing entity '\xfft_0_c_shift_ram_v12_0_14_viv__parameterized0\'
INFO: [VRFC 10-3107] analyzing entity '\xfft_0_c_shift_ram_v12_0_14_viv__parameterized0__1\'
INFO: [VRFC 10-3107] analyzing entity '\xfft_0_c_shift_ram_v12_0_14_viv__parameterized1\'
INFO: [VRFC 10-3107] analyzing entity '\xfft_0_c_shift_ram_v12_0_14_viv__parameterized10\'
INFO: [VRFC 10-3107] analyzing entity '\xfft_0_c_shift_ram_v12_0_14_viv__parameterized12\'
INFO: [VRFC 10-3107] analyzing entity '\xfft_0_c_shift_ram_v12_0_14_viv__parameterized13__1\'
INFO: [VRFC 10-3107] analyzing entity '\xfft_0_c_shift_ram_v12_0_14_viv__parameterized14\'
INFO: [VRFC 10-3107] analyzing entity '\xfft_0_c_shift_ram_v12_0_14_viv__parameterized15\'
INFO: [VRFC 10-3107] analyzing entity '\xfft_0_c_shift_ram_v12_0_14_viv__parameterized16\'
INFO: [VRFC 10-3107] analyzing entity '\xfft_0_c_shift_ram_v12_0_14_viv__parameterized17\'
INFO: [VRFC 10-3107] analyzing entity '\xfft_0_c_shift_ram_v12_0_14_viv__parameterized18\'
INFO: [VRFC 10-3107] analyzing entity '\xfft_0_c_shift_ram_v12_0_14_viv__parameterized19\'
INFO: [VRFC 10-3107] analyzing entity '\xfft_0_c_shift_ram_v12_0_14_viv__parameterized1__1\'
INFO: [VRFC 10-3107] analyzing entity '\xfft_0_c_shift_ram_v12_0_14_viv__parameterized1__2\'
INFO: [VRFC 10-3107] analyzing entity '\xfft_0_c_shift_ram_v12_0_14_viv__parameterized1__3\'
INFO: [VRFC 10-3107] analyzing entity '\xfft_0_c_shift_ram_v12_0_14_viv__parameterized2\'
INFO: [VRFC 10-3107] analyzing entity '\xfft_0_c_shift_ram_v12_0_14_viv__parameterized20\'
INFO: [VRFC 10-3107] analyzing entity '\xfft_0_c_shift_ram_v12_0_14_viv__parameterized22\'
INFO: [VRFC 10-3107] analyzing entity '\xfft_0_c_shift_ram_v12_0_14_viv__parameterized24\'
INFO: [VRFC 10-3107] analyzing entity '\xfft_0_c_shift_ram_v12_0_14_viv__parameterized25\'
INFO: [VRFC 10-3107] analyzing entity '\xfft_0_c_shift_ram_v12_0_14_viv__parameterized26__1\'
INFO: [VRFC 10-3107] analyzing entity '\xfft_0_c_shift_ram_v12_0_14_viv__parameterized26__2\'
INFO: [VRFC 10-3107] analyzing entity '\xfft_0_c_shift_ram_v12_0_14_viv__parameterized27\'
INFO: [VRFC 10-3107] analyzing entity '\xfft_0_c_shift_ram_v12_0_14_viv__parameterized2__1\'
INFO: [VRFC 10-3107] analyzing entity '\xfft_0_c_shift_ram_v12_0_14_viv__parameterized3\'
INFO: [VRFC 10-3107] analyzing entity '\xfft_0_c_shift_ram_v12_0_14_viv__parameterized4\'
INFO: [VRFC 10-3107] analyzing entity '\xfft_0_c_shift_ram_v12_0_14_viv__parameterized5\'
INFO: [VRFC 10-3107] analyzing entity '\xfft_0_c_shift_ram_v12_0_14_viv__parameterized5__1\'
INFO: [VRFC 10-3107] analyzing entity '\xfft_0_c_shift_ram_v12_0_14_viv__parameterized5__2\'
INFO: [VRFC 10-3107] analyzing entity '\xfft_0_c_shift_ram_v12_0_14_viv__parameterized5__3\'
INFO: [VRFC 10-3107] analyzing entity '\xfft_0_c_shift_ram_v12_0_14_viv__parameterized5__4\'
INFO: [VRFC 10-3107] analyzing entity '\xfft_0_c_shift_ram_v12_0_14_viv__parameterized5__5\'
INFO: [VRFC 10-3107] analyzing entity '\xfft_0_c_shift_ram_v12_0_14_viv__parameterized5__6\'
INFO: [VRFC 10-3107] analyzing entity '\xfft_0_c_shift_ram_v12_0_14_viv__parameterized5__7\'
INFO: [VRFC 10-3107] analyzing entity '\xfft_0_c_shift_ram_v12_0_14_viv__parameterized5__8\'
INFO: [VRFC 10-3107] analyzing entity '\xfft_0_c_shift_ram_v12_0_14_viv__parameterized6\'
INFO: [VRFC 10-3107] analyzing entity '\xfft_0_c_shift_ram_v12_0_14_viv__parameterized7\'
INFO: [VRFC 10-3107] analyzing entity '\xfft_0_c_shift_ram_v12_0_14_viv__parameterized8\'
INFO: [VRFC 10-3107] analyzing entity '\xfft_0_c_shift_ram_v12_0_14_viv__parameterized9\'
INFO: [VRFC 10-3107] analyzing entity 'xfft_0_cmpy_4_dsp48_mult'
INFO: [VRFC 10-3107] analyzing entity 'xfft_0_cmpy_4_dsp48_mult_110'
INFO: [VRFC 10-3107] analyzing entity 'xfft_0_cmpy_4_dsp48_mult_181'
INFO: [VRFC 10-3107] analyzing entity 'xfft_0_cmpy_4_dsp48_mult_272'
INFO: [VRFC 10-3107] analyzing entity 'xfft_0_glb_ifx_master'
INFO: [VRFC 10-3107] analyzing entity 'xfft_0_glb_ifx_slave'
INFO: [VRFC 10-3107] analyzing entity '\xfft_0_glb_ifx_slave__parameterized0\'
INFO: [VRFC 10-3107] analyzing entity 'xfft_0_r22_delay_mux'
INFO: [VRFC 10-3107] analyzing entity '\xfft_0_r22_delay_mux__parameterized0\'
INFO: [VRFC 10-3107] analyzing entity '\xfft_0_r22_delay_mux__parameterized1\'
INFO: [VRFC 10-3107] analyzing entity '\xfft_0_r22_delay_mux__parameterized2\'
INFO: [VRFC 10-3107] analyzing entity '\xfft_0_r22_delay_mux__parameterized3\'
INFO: [VRFC 10-3107] analyzing entity '\xfft_0_r22_delay_mux__parameterized4\'
INFO: [VRFC 10-3107] analyzing entity '\xfft_0_r22_delay_mux__parameterized5\'
INFO: [VRFC 10-3107] analyzing entity '\xfft_0_r22_delay_mux__parameterized6\'
INFO: [VRFC 10-3107] analyzing entity 'xfft_0_r22_memory'
INFO: [VRFC 10-3107] analyzing entity '\xfft_0_r22_memory__parameterized0\'
INFO: [VRFC 10-3107] analyzing entity '\xfft_0_r22_memory__parameterized3\'
INFO: [VRFC 10-3107] analyzing entity 'xfft_0_twiddle_gen'
INFO: [VRFC 10-3107] analyzing entity '\xfft_0_twiddle_gen__parameterized0\'
INFO: [VRFC 10-3107] analyzing entity '\xfft_0_twiddle_gen__parameterized1\'
INFO: [VRFC 10-3107] analyzing entity '\xfft_0_twiddle_gen__parameterized2\'
INFO: [VRFC 10-3107] analyzing entity 'xfft_0_axi_wrapper_input_fifo'
INFO: [VRFC 10-3107] analyzing entity '\xfft_0_axi_wrapper_input_fifo__parameterized0\'
INFO: [VRFC 10-3107] analyzing entity 'xfft_0_axi_wrapper_output_fifo'
INFO: [VRFC 10-3107] analyzing entity 'xfft_0_c_addsub_v12_0_15_fabric_legacy'
INFO: [VRFC 10-3107] analyzing entity 'xfft_0_c_addsub_v12_0_15_fabric_legacy_104'
INFO: [VRFC 10-3107] analyzing entity 'xfft_0_c_addsub_v12_0_15_fabric_legacy_168'
INFO: [VRFC 10-3107] analyzing entity 'xfft_0_c_addsub_v12_0_15_fabric_legacy_175'
INFO: [VRFC 10-3107] analyzing entity 'xfft_0_c_addsub_v12_0_15_fabric_legacy_259'
INFO: [VRFC 10-3107] analyzing entity 'xfft_0_c_addsub_v12_0_15_fabric_legacy_266'
INFO: [VRFC 10-3107] analyzing entity 'xfft_0_c_addsub_v12_0_15_fabric_legacy_317'
INFO: [VRFC 10-3107] analyzing entity 'xfft_0_c_addsub_v12_0_15_fabric_legacy_324'
INFO: [VRFC 10-3107] analyzing entity 'xfft_0_c_addsub_v12_0_15_fabric_legacy_330'
INFO: [VRFC 10-3107] analyzing entity 'xfft_0_c_addsub_v12_0_15_fabric_legacy_38'
INFO: [VRFC 10-3107] analyzing entity 'xfft_0_c_addsub_v12_0_15_fabric_legacy_97'
INFO: [VRFC 10-3107] analyzing entity '\xfft_0_c_addsub_v12_0_15_fabric_legacy__parameterized1\'
INFO: [VRFC 10-3107] analyzing entity '\xfft_0_c_addsub_v12_0_15_fabric_legacy__parameterized11\'
INFO: [VRFC 10-3107] analyzing entity '\xfft_0_c_addsub_v12_0_15_fabric_legacy__parameterized13\'
INFO: [VRFC 10-3107] analyzing entity '\xfft_0_c_addsub_v12_0_15_fabric_legacy__parameterized13_133\'
INFO: [VRFC 10-3107] analyzing entity '\xfft_0_c_addsub_v12_0_15_fabric_legacy__parameterized13_137\'
INFO: [VRFC 10-3107] analyzing entity '\xfft_0_c_addsub_v12_0_15_fabric_legacy__parameterized13_14\'
INFO: [VRFC 10-3107] analyzing entity '\xfft_0_c_addsub_v12_0_15_fabric_legacy__parameterized13_59\'
INFO: [VRFC 10-3107] analyzing entity '\xfft_0_c_addsub_v12_0_15_fabric_legacy__parameterized13_63\'
INFO: [VRFC 10-3107] analyzing entity '\xfft_0_c_addsub_v12_0_15_fabric_legacy__parameterized15\'
INFO: [VRFC 10-3107] analyzing entity '\xfft_0_c_addsub_v12_0_15_fabric_legacy__parameterized15_31\'
INFO: [VRFC 10-3107] analyzing entity '\xfft_0_c_addsub_v12_0_15_fabric_legacy__parameterized15_86\'
INFO: [VRFC 10-3107] analyzing entity '\xfft_0_c_addsub_v12_0_15_fabric_legacy__parameterized15_90\'
INFO: [VRFC 10-3107] analyzing entity '\xfft_0_c_addsub_v12_0_15_fabric_legacy__parameterized17\'
INFO: [VRFC 10-3107] analyzing entity '\xfft_0_c_addsub_v12_0_15_fabric_legacy__parameterized19\'
INFO: [VRFC 10-3107] analyzing entity '\xfft_0_c_addsub_v12_0_15_fabric_legacy__parameterized1_209\'
INFO: [VRFC 10-3107] analyzing entity '\xfft_0_c_addsub_v12_0_15_fabric_legacy__parameterized1_307\'
INFO: [VRFC 10-3107] analyzing entity '\xfft_0_c_addsub_v12_0_15_fabric_legacy__parameterized1_311\'
INFO: [VRFC 10-3107] analyzing entity '\xfft_0_c_addsub_v12_0_15_fabric_legacy__parameterized3\'
INFO: [VRFC 10-3107] analyzing entity '\xfft_0_c_addsub_v12_0_15_fabric_legacy__parameterized3_204\'
INFO: [VRFC 10-3107] analyzing entity '\xfft_0_c_addsub_v12_0_15_fabric_legacy__parameterized3_299\'
INFO: [VRFC 10-3107] analyzing entity '\xfft_0_c_addsub_v12_0_15_fabric_legacy__parameterized3_303\'
INFO: [VRFC 10-3107] analyzing entity '\xfft_0_c_addsub_v12_0_15_fabric_legacy__parameterized5\'
INFO: [VRFC 10-3107] analyzing entity '\xfft_0_c_addsub_v12_0_15_fabric_legacy__parameterized5_161\'
INFO: [VRFC 10-3107] analyzing entity '\xfft_0_c_addsub_v12_0_15_fabric_legacy__parameterized5_248\'
INFO: [VRFC 10-3107] analyzing entity '\xfft_0_c_addsub_v12_0_15_fabric_legacy__parameterized5_252\'
INFO: [VRFC 10-3107] analyzing entity '\xfft_0_c_addsub_v12_0_15_fabric_legacy__parameterized7\'
INFO: [VRFC 10-3107] analyzing entity '\xfft_0_c_addsub_v12_0_15_fabric_legacy__parameterized7_157\'
INFO: [VRFC 10-3107] analyzing entity '\xfft_0_c_addsub_v12_0_15_fabric_legacy__parameterized7_240\'
INFO: [VRFC 10-3107] analyzing entity '\xfft_0_c_addsub_v12_0_15_fabric_legacy__parameterized7_244\'
INFO: [VRFC 10-3107] analyzing entity '\xfft_0_c_addsub_v12_0_15_fabric_legacy__parameterized9\'
INFO: [VRFC 10-3107] analyzing entity 'xfft_0_cmpy_4_dsp48'
INFO: [VRFC 10-3107] analyzing entity 'xfft_0_cmpy_4_dsp48_109'
INFO: [VRFC 10-3107] analyzing entity 'xfft_0_cmpy_4_dsp48_180'
INFO: [VRFC 10-3107] analyzing entity 'xfft_0_cmpy_4_dsp48_271'
INFO: [VRFC 10-3107] analyzing entity 'xfft_0_r22_srl_memory'
INFO: [VRFC 10-3107] analyzing entity '\xfft_0_r22_srl_memory__parameterized0\'
INFO: [VRFC 10-3107] analyzing entity 'xfft_0_shift_ram'
INFO: [VRFC 10-3107] analyzing entity 'xfft_0_shift_ram_321'
INFO: [VRFC 10-3107] analyzing entity '\xfft_0_shift_ram__parameterized12\'
INFO: [VRFC 10-3107] analyzing entity '\xfft_0_shift_ram__parameterized12_195\'
INFO: [VRFC 10-3107] analyzing entity '\xfft_0_shift_ram__parameterized12_225\'
INFO: [VRFC 10-3107] analyzing entity '\xfft_0_shift_ram__parameterized12_269\'
INFO: [VRFC 10-3107] analyzing entity '\xfft_0_shift_ram__parameterized12_287\'
INFO: [VRFC 10-3107] analyzing entity '\xfft_0_shift_ram__parameterized31\'
INFO: [VRFC 10-3107] analyzing entity '\xfft_0_shift_ram__parameterized31_107\'
INFO: [VRFC 10-3107] analyzing entity '\xfft_0_shift_ram__parameterized31_178\'
INFO: [VRFC 10-3107] analyzing entity '\xfft_0_shift_ram__parameterized32\'
INFO: [VRFC 10-3107] analyzing entity '\xfft_0_shift_ram__parameterized33\'
INFO: [VRFC 10-3107] analyzing entity '\xfft_0_shift_ram__parameterized34\'
INFO: [VRFC 10-3107] analyzing entity '\xfft_0_shift_ram__parameterized35\'
INFO: [VRFC 10-3107] analyzing entity '\xfft_0_shift_ram__parameterized36\'
INFO: [VRFC 10-3107] analyzing entity '\xfft_0_shift_ram__parameterized38\'
INFO: [VRFC 10-3107] analyzing entity '\xfft_0_shift_ram__parameterized39\'
INFO: [VRFC 10-3107] analyzing entity '\xfft_0_shift_ram__parameterized4\'
INFO: [VRFC 10-3107] analyzing entity '\xfft_0_shift_ram__parameterized41\'
INFO: [VRFC 10-3107] analyzing entity '\xfft_0_shift_ram__parameterized44\'
INFO: [VRFC 10-3107] analyzing entity '\xfft_0_shift_ram__parameterized44_20\'
INFO: [VRFC 10-3107] analyzing entity '\xfft_0_shift_ram__parameterized44_26\'
INFO: [VRFC 10-3107] analyzing entity '\xfft_0_shift_ram__parameterized44_73\'
INFO: [VRFC 10-3107] analyzing entity '\xfft_0_shift_ram__parameterized44_81\'
INFO: [VRFC 10-3107] analyzing entity '\xfft_0_shift_ram__parameterized45\'
INFO: [VRFC 10-3107] analyzing entity '\xfft_0_shift_ram__parameterized47\'
INFO: [VRFC 10-3107] analyzing entity '\xfft_0_shift_ram__parameterized48\'
INFO: [VRFC 10-3107] analyzing entity '\xfft_0_shift_ram__parameterized49\'
INFO: [VRFC 10-3107] analyzing entity '\xfft_0_shift_ram__parameterized4_215\'
INFO: [VRFC 10-3107] analyzing entity '\xfft_0_shift_ram__parameterized5\'
INFO: [VRFC 10-3107] analyzing entity '\xfft_0_shift_ram__parameterized50\'
INFO: [VRFC 10-3107] analyzing entity '\xfft_0_shift_ram__parameterized51\'
INFO: [VRFC 10-3107] analyzing entity '\xfft_0_shift_ram__parameterized53\'
INFO: [VRFC 10-3107] analyzing entity '\xfft_0_shift_ram__parameterized55\'
INFO: [VRFC 10-3107] analyzing entity '\xfft_0_shift_ram__parameterized58\'
INFO: [VRFC 10-3107] analyzing entity '\xfft_0_shift_ram__parameterized5_142\'
INFO: [VRFC 10-3107] analyzing entity '\xfft_0_shift_ram__parameterized5_216\'
INFO: [VRFC 10-3107] analyzing entity '\xfft_0_shift_ram__parameterized6\'
INFO: [VRFC 10-3107] analyzing entity '\xfft_0_shift_ram__parameterized61\'
INFO: [VRFC 10-3107] analyzing entity '\xfft_0_shift_ram__parameterized64\'
INFO: [VRFC 10-3107] analyzing entity '\xfft_0_shift_ram__parameterized65\'
INFO: [VRFC 10-3107] analyzing entity '\xfft_0_shift_ram__parameterized65_3\'
INFO: [VRFC 10-3107] analyzing entity '\xfft_0_shift_ram__parameterized6_218\'
INFO: [VRFC 10-3107] analyzing entity '\xfft_0_shift_ram__parameterized81\'
INFO: [VRFC 10-3107] analyzing entity 'xfft_0_axi_wrapper'
INFO: [VRFC 10-3107] analyzing entity 'xfft_0_c_addsub_v12_0_15_legacy'
INFO: [VRFC 10-3107] analyzing entity 'xfft_0_c_addsub_v12_0_15_legacy_103'
INFO: [VRFC 10-3107] analyzing entity 'xfft_0_c_addsub_v12_0_15_legacy_167'
INFO: [VRFC 10-3107] analyzing entity 'xfft_0_c_addsub_v12_0_15_legacy_174'
INFO: [VRFC 10-3107] analyzing entity 'xfft_0_c_addsub_v12_0_15_legacy_258'
INFO: [VRFC 10-3107] analyzing entity 'xfft_0_c_addsub_v12_0_15_legacy_265'
INFO: [VRFC 10-3107] analyzing entity 'xfft_0_c_addsub_v12_0_15_legacy_316'
INFO: [VRFC 10-3107] analyzing entity 'xfft_0_c_addsub_v12_0_15_legacy_323'
INFO: [VRFC 10-3107] analyzing entity 'xfft_0_c_addsub_v12_0_15_legacy_329'
INFO: [VRFC 10-3107] analyzing entity 'xfft_0_c_addsub_v12_0_15_legacy_37'
INFO: [VRFC 10-3107] analyzing entity 'xfft_0_c_addsub_v12_0_15_legacy_96'
INFO: [VRFC 10-3107] analyzing entity '\xfft_0_c_addsub_v12_0_15_legacy__parameterized1\'
INFO: [VRFC 10-3107] analyzing entity '\xfft_0_c_addsub_v12_0_15_legacy__parameterized11\'
INFO: [VRFC 10-3107] analyzing entity '\xfft_0_c_addsub_v12_0_15_legacy__parameterized13\'
INFO: [VRFC 10-3107] analyzing entity '\xfft_0_c_addsub_v12_0_15_legacy__parameterized13_13\'
INFO: [VRFC 10-3107] analyzing entity '\xfft_0_c_addsub_v12_0_15_legacy__parameterized13_132\'
INFO: [VRFC 10-3107] analyzing entity '\xfft_0_c_addsub_v12_0_15_legacy__parameterized13_136\'
INFO: [VRFC 10-3107] analyzing entity '\xfft_0_c_addsub_v12_0_15_legacy__parameterized13_58\'
INFO: [VRFC 10-3107] analyzing entity '\xfft_0_c_addsub_v12_0_15_legacy__parameterized13_62\'
INFO: [VRFC 10-3107] analyzing entity '\xfft_0_c_addsub_v12_0_15_legacy__parameterized15\'
INFO: [VRFC 10-3107] analyzing entity '\xfft_0_c_addsub_v12_0_15_legacy__parameterized15_30\'
INFO: [VRFC 10-3107] analyzing entity '\xfft_0_c_addsub_v12_0_15_legacy__parameterized15_85\'
INFO: [VRFC 10-3107] analyzing entity '\xfft_0_c_addsub_v12_0_15_legacy__parameterized15_89\'
INFO: [VRFC 10-3107] analyzing entity '\xfft_0_c_addsub_v12_0_15_legacy__parameterized17\'
INFO: [VRFC 10-3107] analyzing entity '\xfft_0_c_addsub_v12_0_15_legacy__parameterized19\'
INFO: [VRFC 10-3107] analyzing entity '\xfft_0_c_addsub_v12_0_15_legacy__parameterized1_208\'
INFO: [VRFC 10-3107] analyzing entity '\xfft_0_c_addsub_v12_0_15_legacy__parameterized1_306\'
INFO: [VRFC 10-3107] analyzing entity '\xfft_0_c_addsub_v12_0_15_legacy__parameterized1_310\'
INFO: [VRFC 10-3107] analyzing entity '\xfft_0_c_addsub_v12_0_15_legacy__parameterized3\'
INFO: [VRFC 10-3107] analyzing entity '\xfft_0_c_addsub_v12_0_15_legacy__parameterized3_203\'
INFO: [VRFC 10-3107] analyzing entity '\xfft_0_c_addsub_v12_0_15_legacy__parameterized3_298\'
INFO: [VRFC 10-3107] analyzing entity '\xfft_0_c_addsub_v12_0_15_legacy__parameterized3_302\'
INFO: [VRFC 10-3107] analyzing entity '\xfft_0_c_addsub_v12_0_15_legacy__parameterized5\'
INFO: [VRFC 10-3107] analyzing entity '\xfft_0_c_addsub_v12_0_15_legacy__parameterized5_160\'
INFO: [VRFC 10-3107] analyzing entity '\xfft_0_c_addsub_v12_0_15_legacy__parameterized5_247\'
INFO: [VRFC 10-3107] analyzing entity '\xfft_0_c_addsub_v12_0_15_legacy__parameterized5_251\'
INFO: [VRFC 10-3107] analyzing entity '\xfft_0_c_addsub_v12_0_15_legacy__parameterized7\'
INFO: [VRFC 10-3107] analyzing entity '\xfft_0_c_addsub_v12_0_15_legacy__parameterized7_156\'
INFO: [VRFC 10-3107] analyzing entity '\xfft_0_c_addsub_v12_0_15_legacy__parameterized7_239\'
INFO: [VRFC 10-3107] analyzing entity '\xfft_0_c_addsub_v12_0_15_legacy__parameterized7_243\'
INFO: [VRFC 10-3107] analyzing entity '\xfft_0_c_addsub_v12_0_15_legacy__parameterized9\'
INFO: [VRFC 10-3107] analyzing entity 'xfft_0_cmpy_v6_0_21_synth'
INFO: [VRFC 10-3107] analyzing entity 'xfft_0_cmpy_v6_0_21_synth_108'
INFO: [VRFC 10-3107] analyzing entity 'xfft_0_cmpy_v6_0_21_synth_179'
INFO: [VRFC 10-3107] analyzing entity 'xfft_0_cmpy_v6_0_21_synth_270'
INFO: [VRFC 10-3107] analyzing entity '\xfft_0_r22_memory__parameterized1\'
INFO: [VRFC 10-3107] analyzing entity '\xfft_0_r22_memory__parameterized2\'
INFO: [VRFC 10-3107] analyzing entity 'xfft_0_c_addsub_v12_0_15_viv'
INFO: [VRFC 10-3107] analyzing entity '\xfft_0_c_addsub_v12_0_15_viv__1\'
INFO: [VRFC 10-3107] analyzing entity '\xfft_0_c_addsub_v12_0_15_viv__10\'
INFO: [VRFC 10-3107] analyzing entity '\xfft_0_c_addsub_v12_0_15_viv__2\'
INFO: [VRFC 10-3107] analyzing entity '\xfft_0_c_addsub_v12_0_15_viv__3\'
INFO: [VRFC 10-3107] analyzing entity '\xfft_0_c_addsub_v12_0_15_viv__4\'
INFO: [VRFC 10-3107] analyzing entity '\xfft_0_c_addsub_v12_0_15_viv__5\'
INFO: [VRFC 10-3107] analyzing entity '\xfft_0_c_addsub_v12_0_15_viv__6\'
INFO: [VRFC 10-3107] analyzing entity '\xfft_0_c_addsub_v12_0_15_viv__7\'
INFO: [VRFC 10-3107] analyzing entity '\xfft_0_c_addsub_v12_0_15_viv__8\'
INFO: [VRFC 10-3107] analyzing entity '\xfft_0_c_addsub_v12_0_15_viv__9\'
INFO: [VRFC 10-3107] analyzing entity '\xfft_0_c_addsub_v12_0_15_viv__parameterized0\'
INFO: [VRFC 10-3107] analyzing entity '\xfft_0_c_addsub_v12_0_15_viv__parameterized0__1\'
INFO: [VRFC 10-3107] analyzing entity '\xfft_0_c_addsub_v12_0_15_viv__parameterized0__2\'
INFO: [VRFC 10-3107] analyzing entity '\xfft_0_c_addsub_v12_0_15_viv__parameterized0__3\'
INFO: [VRFC 10-3107] analyzing entity '\xfft_0_c_addsub_v12_0_15_viv__parameterized1\'
INFO: [VRFC 10-3107] analyzing entity '\xfft_0_c_addsub_v12_0_15_viv__parameterized1__1\'
INFO: [VRFC 10-3107] analyzing entity '\xfft_0_c_addsub_v12_0_15_viv__parameterized1__2\'
INFO: [VRFC 10-3107] analyzing entity '\xfft_0_c_addsub_v12_0_15_viv__parameterized1__3\'
INFO: [VRFC 10-3107] analyzing entity '\xfft_0_c_addsub_v12_0_15_viv__parameterized2\'
INFO: [VRFC 10-3107] analyzing entity '\xfft_0_c_addsub_v12_0_15_viv__parameterized2__1\'
INFO: [VRFC 10-3107] analyzing entity '\xfft_0_c_addsub_v12_0_15_viv__parameterized2__2\'
INFO: [VRFC 10-3107] analyzing entity '\xfft_0_c_addsub_v12_0_15_viv__parameterized2__3\'
INFO: [VRFC 10-3107] analyzing entity '\xfft_0_c_addsub_v12_0_15_viv__parameterized3\'
INFO: [VRFC 10-3107] analyzing entity '\xfft_0_c_addsub_v12_0_15_viv__parameterized3__1\'
INFO: [VRFC 10-3107] analyzing entity '\xfft_0_c_addsub_v12_0_15_viv__parameterized3__2\'
INFO: [VRFC 10-3107] analyzing entity '\xfft_0_c_addsub_v12_0_15_viv__parameterized3__3\'
INFO: [VRFC 10-3107] analyzing entity '\xfft_0_c_addsub_v12_0_15_viv__parameterized4\'
INFO: [VRFC 10-3107] analyzing entity '\xfft_0_c_addsub_v12_0_15_viv__parameterized5\'
INFO: [VRFC 10-3107] analyzing entity '\xfft_0_c_addsub_v12_0_15_viv__parameterized6\'
INFO: [VRFC 10-3107] analyzing entity '\xfft_0_c_addsub_v12_0_15_viv__parameterized6__1\'
INFO: [VRFC 10-3107] analyzing entity '\xfft_0_c_addsub_v12_0_15_viv__parameterized6__2\'
INFO: [VRFC 10-3107] analyzing entity '\xfft_0_c_addsub_v12_0_15_viv__parameterized6__3\'
INFO: [VRFC 10-3107] analyzing entity '\xfft_0_c_addsub_v12_0_15_viv__parameterized6__4\'
INFO: [VRFC 10-3107] analyzing entity '\xfft_0_c_addsub_v12_0_15_viv__parameterized6__5\'
INFO: [VRFC 10-3107] analyzing entity '\xfft_0_c_addsub_v12_0_15_viv__parameterized7\'
INFO: [VRFC 10-3107] analyzing entity '\xfft_0_c_addsub_v12_0_15_viv__parameterized7__1\'
INFO: [VRFC 10-3107] analyzing entity '\xfft_0_c_addsub_v12_0_15_viv__parameterized7__2\'
INFO: [VRFC 10-3107] analyzing entity '\xfft_0_c_addsub_v12_0_15_viv__parameterized7__3\'
INFO: [VRFC 10-3107] analyzing entity '\xfft_0_c_addsub_v12_0_15_viv__parameterized8\'
INFO: [VRFC 10-3107] analyzing entity '\xfft_0_c_addsub_v12_0_15_viv__parameterized9\'
INFO: [VRFC 10-3107] analyzing entity 'xfft_0_cmpy'
INFO: [VRFC 10-3107] analyzing entity 'xfft_0_cmpy_140'
INFO: [VRFC 10-3107] analyzing entity 'xfft_0_cmpy_213'
INFO: [VRFC 10-3107] analyzing entity 'xfft_0_cmpy_66'
INFO: [VRFC 10-3107] analyzing entity 'xfft_0_adder'
INFO: [VRFC 10-3107] analyzing entity '\xfft_0_adder__parameterized0\'
INFO: [VRFC 10-3107] analyzing entity '\xfft_0_adder__parameterized1\'
INFO: [VRFC 10-3107] analyzing entity '\xfft_0_adder__parameterized1_123\'
INFO: [VRFC 10-3107] analyzing entity '\xfft_0_adder__parameterized1_124\'
INFO: [VRFC 10-3107] analyzing entity '\xfft_0_adder__parameterized1_49\'
INFO: [VRFC 10-3107] analyzing entity '\xfft_0_adder__parameterized1_50\'
INFO: [VRFC 10-3107] analyzing entity '\xfft_0_adder__parameterized1_7\'
INFO: [VRFC 10-3107] analyzing entity '\xfft_0_adder__parameterized2\'
INFO: [VRFC 10-3107] analyzing entity '\xfft_0_adder__parameterized2_19\'
INFO: [VRFC 10-3107] analyzing entity '\xfft_0_adder__parameterized2_71\'
INFO: [VRFC 10-3107] analyzing entity '\xfft_0_adder__parameterized2_72\'
INFO: [VRFC 10-3107] analyzing entity '\xfft_0_adder__parameterized3\'
INFO: [VRFC 10-3107] analyzing entity '\xfft_0_adder__parameterized4\'
INFO: [VRFC 10-3107] analyzing entity 'xfft_0_adder_bypass'
INFO: [VRFC 10-3107] analyzing entity 'xfft_0_adder_bypass_201'
INFO: [VRFC 10-3107] analyzing entity 'xfft_0_adder_bypass_294'
INFO: [VRFC 10-3107] analyzing entity 'xfft_0_adder_bypass_295'
INFO: [VRFC 10-3107] analyzing entity '\xfft_0_adder_bypass__parameterized0\'
INFO: [VRFC 10-3107] analyzing entity '\xfft_0_adder_bypass__parameterized0_154\'
INFO: [VRFC 10-3107] analyzing entity '\xfft_0_adder_bypass__parameterized0_235\'
INFO: [VRFC 10-3107] analyzing entity '\xfft_0_adder_bypass__parameterized0_236\'
INFO: [VRFC 10-3107] analyzing entity 'xfft_0_cnt_tc_rtl_a'
INFO: [VRFC 10-3107] analyzing entity '\xfft_0_cnt_tc_rtl_a__parameterized0\'
INFO: [VRFC 10-3107] analyzing entity '\xfft_0_cnt_tc_rtl_a__parameterized0_100\'
INFO: [VRFC 10-3107] analyzing entity '\xfft_0_cnt_tc_rtl_a__parameterized0_164\'
INFO: [VRFC 10-3107] analyzing entity '\xfft_0_cnt_tc_rtl_a__parameterized0_171\'
INFO: [VRFC 10-3107] analyzing entity '\xfft_0_cnt_tc_rtl_a__parameterized0_255\'
INFO: [VRFC 10-3107] analyzing entity '\xfft_0_cnt_tc_rtl_a__parameterized0_262\'
INFO: [VRFC 10-3107] analyzing entity '\xfft_0_cnt_tc_rtl_a__parameterized0_314\'
INFO: [VRFC 10-3107] analyzing entity '\xfft_0_cnt_tc_rtl_a__parameterized0_327\'
INFO: [VRFC 10-3107] analyzing entity '\xfft_0_cnt_tc_rtl_a__parameterized0_34\'
INFO: [VRFC 10-3107] analyzing entity '\xfft_0_cnt_tc_rtl_a__parameterized0_93\'
INFO: [VRFC 10-3107] analyzing entity 'xfft_0_sub_byp'
INFO: [VRFC 10-3107] analyzing entity 'xfft_0_sub_byp_202'
INFO: [VRFC 10-3107] analyzing entity 'xfft_0_sub_byp_296'
INFO: [VRFC 10-3107] analyzing entity 'xfft_0_sub_byp_297'
INFO: [VRFC 10-3107] analyzing entity '\xfft_0_sub_byp__parameterized0\'
INFO: [VRFC 10-3107] analyzing entity '\xfft_0_sub_byp__parameterized0_155\'
INFO: [VRFC 10-3107] analyzing entity '\xfft_0_sub_byp__parameterized0_237\'
INFO: [VRFC 10-3107] analyzing entity '\xfft_0_sub_byp__parameterized0_238\'
INFO: [VRFC 10-3107] analyzing entity 'xfft_0_r22_bf_sp'
INFO: [VRFC 10-3107] analyzing entity '\xfft_0_r22_bf_sp__parameterized0\'
INFO: [VRFC 10-3107] analyzing entity '\xfft_0_r22_bf_sp__parameterized1\'
INFO: [VRFC 10-3107] analyzing entity '\xfft_0_r22_bf_sp__parameterized2\'
INFO: [VRFC 10-3107] analyzing entity '\xfft_0_r22_bf_sp__parameterized3\'
INFO: [VRFC 10-3107] analyzing entity 'xfft_0_r22_bfly_byp'
INFO: [VRFC 10-3107] analyzing entity 'xfft_0_r22_bfly_byp_285'
INFO: [VRFC 10-3107] analyzing entity '\xfft_0_r22_bfly_byp__parameterized0\'
INFO: [VRFC 10-3107] analyzing entity '\xfft_0_r22_bfly_byp__parameterized0_223\'
INFO: [VRFC 10-3107] analyzing entity 'xfft_0_r22_cnt_ctrl'
INFO: [VRFC 10-3107] analyzing entity '\xfft_0_r22_cnt_ctrl__parameterized0\'
INFO: [VRFC 10-3107] analyzing entity '\xfft_0_r22_cnt_ctrl__parameterized1\'
INFO: [VRFC 10-3107] analyzing entity '\xfft_0_r22_cnt_ctrl__parameterized2\'
INFO: [VRFC 10-3107] analyzing entity '\xfft_0_r22_cnt_ctrl__parameterized3\'
INFO: [VRFC 10-3107] analyzing entity '\xfft_0_r22_cnt_ctrl__parameterized4\'
INFO: [VRFC 10-3107] analyzing entity '\xfft_0_r22_cnt_ctrl__parameterized5\'
INFO: [VRFC 10-3107] analyzing entity '\xfft_0_r22_cnt_ctrl__parameterized6\'
INFO: [VRFC 10-3107] analyzing entity '\xfft_0_r22_cnt_ctrl__parameterized7\'
INFO: [VRFC 10-3107] analyzing entity '\xfft_0_r22_cnt_ctrl__parameterized8\'
INFO: [VRFC 10-3107] analyzing entity 'xfft_0_r22_flow_ctrl'
INFO: [VRFC 10-3107] analyzing entity 'xfft_0_r22_tw_gen'
INFO: [VRFC 10-3107] analyzing entity '\xfft_0_r22_tw_gen__parameterized0\'
INFO: [VRFC 10-3107] analyzing entity '\xfft_0_r22_tw_gen__parameterized1\'
INFO: [VRFC 10-3107] analyzing entity '\xfft_0_r22_tw_gen__parameterized2\'
INFO: [VRFC 10-3107] analyzing entity 'xfft_0_r22_bf'
INFO: [VRFC 10-3107] analyzing entity '\xfft_0_r22_bf__parameterized0\'
INFO: [VRFC 10-3107] analyzing entity '\xfft_0_r22_bf__parameterized1\'
INFO: [VRFC 10-3107] analyzing entity '\xfft_0_r22_bf__parameterized2\'
INFO: [VRFC 10-3107] analyzing entity '\xfft_0_r22_pe__parameterized1\'
INFO: [VRFC 10-3107] analyzing entity '\xfft_0_r22_pe__parameterized2\'
INFO: [VRFC 10-3107] analyzing entity '\xfft_0_r22_pe__parameterized3\'
INFO: [VRFC 10-3107] analyzing entity 'xfft_0_r22_pe'
INFO: [VRFC 10-3107] analyzing entity '\xfft_0_r22_pe__parameterized0\'
INFO: [VRFC 10-3107] analyzing entity 'xfft_0_xfft_v9_1_9_d'
INFO: [VRFC 10-3107] analyzing entity 'xfft_0_xfft_v9_1_9_core'
INFO: [VRFC 10-3107] analyzing entity 'xfft_0_xfft_v9_1_9_viv'
INFO: [VRFC 10-3107] analyzing entity 'xfft_0_xfft_v9_1_9'
INFO: [VRFC 10-3107] analyzing entity 'xfft_0'
INFO: [VRFC 10-3107] analyzing entity 'fft'
INFO: [VRFC 10-3107] analyzing entity 'pipeline'
INFO: [VRFC 10-163] Analyzing VHDL file "D:/Programming/TESI/MFCC_Blocks/MFCC_Blocks.srcs/sim_1/new/wave_gen.vhd" into library xil_defaultlib
INFO: [VRFC 10-3107] analyzing entity 'complex_signal_generator'
INFO: [VRFC 10-163] Analyzing VHDL file "D:/Programming/TESI/MFCC_Blocks/MFCC_Blocks.srcs/sim_1/new/pipeline_tb.vhd" into library xil_defaultlib
INFO: [VRFC 10-3107] analyzing entity 'pipeline_tb'
