Vivado Simulator v2023.1
Copyright 1986-2022 Xilinx, Inc. All Rights Reserved.
Copyright 2022-2023 Advanced Micro Devices, Inc. All Rights Reserved.
Running: D:/Vivado/Vivado/2023.1/bin/unwrapped/win64.o/xelab.exe --incr --debug typical --relax --mt 2 -L xil_defaultlib -L xbip_utils_v3_0_10 -L axi_utils_v2_0_6 -L c_reg_fd_v12_0_6 -L xbip_dsp48_wrapper_v3_0_4 -L xbip_pipe_v3_0_6 -L xbip_dsp48_addsub_v3_0_6 -L xbip_addsub_v3_0_6 -L c_addsub_v12_0_15 -L c_mux_bit_v12_0_6 -L c_shift_ram_v12_0_14 -L xbip_bram18k_v3_0_6 -L mult_gen_v12_0_18 -L cmpy_v6_0_21 -L floating_point_v7_0_20 -L xfft_v9_1_9 -L secureip -L xpm --snapshot pipeline_tb_behav xil_defaultlib.pipeline_tb -log elaborate.log 
Using 2 slave threads.
Starting static elaboration
Completed static elaboration
Starting simulation data flow analysis
Completed simulation data flow analysis
Time Resolution for simulation is 1ps
Compiling package std.standard
Compiling package std.textio
Compiling package ieee.std_logic_1164
Compiling package ieee.numeric_std
Compiling package ieee.math_real
Compiling package xbip_utils_v3_0_10.xbip_utils_v3_0_10_pkg
Compiling package xfft_v9_1_9.xfft_v9_1_9_viv_comp
Compiling package ieee.std_logic_arith
Compiling package ieee.std_logic_unsigned
Compiling package axi_utils_v2_0_6.axi_utils_v2_0_6_pkg
Compiling package mult_gen_v12_0_18.mult_gen_v12_0_18_pkg
Compiling package ieee.std_logic_signed
Compiling package cmpy_v6_0_21.cmpy_v6_0_21_pkg
Compiling package floating_point_v7_0_20.floating_point_v7_0_20_consts
Compiling package floating_point_v7_0_20.floating_point_v7_0_20_exp_table...
Compiling package floating_point_v7_0_20.floating_point_v7_0_20_pkg
Compiling package xfft_v9_1_9.pkg
Compiling package xfft_v9_1_9.xfft_v9_1_9_axi_pkg
Compiling package axi_utils_v2_0_6.global_util_pkg
Compiling package axi_utils_v2_0_6.axi_utils_comps
Compiling package unisim.vcomponents
Compiling package xbip_pipe_v3_0_6.xbip_pipe_v3_0_6_viv_comp
Compiling package xbip_addsub_v3_0_6.xbip_addsub_v3_0_6_viv_comp
Compiling package c_addsub_v12_0_15.c_addsub_v12_0_15_pkg
Compiling package c_addsub_v12_0_15.c_addsub_v12_0_15_pkg_legacy
Compiling package c_reg_fd_v12_0_6.c_reg_fd_v12_0_6_viv_comp
Compiling package ieee.vital_timing
Compiling package ieee.vital_primitives
Compiling package unisim.vpkg
Compiling package c_shift_ram_v12_0_14.c_shift_ram_v12_0_14_pkg
Compiling package c_mux_bit_v12_0_6.c_mux_bit_v12_0_6_viv_comp
Compiling package xpm.vcomponents
Compiling package ieee.std_logic_textio
Compiling package xfft_v9_1_9.half_sincos_tw_table
Compiling package mult_gen_v12_0_18.dsp_pkg
Compiling package xfft_v9_1_9.quarter_sin_tw_table
Compiling package xfft_v9_1_9.quarter2_sin_tw_table
Compiling architecture behavioral of entity xil_defaultlib.complex_signal_generator [\complex_signal_generator(fft_si...]
Compiling architecture behavioral of entity xil_defaultlib.frame [frame_default]
Compiling architecture behavioral of entity xil_defaultlib.window [window_default]
Compiling architecture xilinx of entity axi_utils_v2_0_6.glb_srl_fifo [\glb_srl_fifo(width=11,has_uvpro...]
Compiling architecture xilinx of entity axi_utils_v2_0_6.glb_ifx_slave [\glb_ifx_slave(width=11,has_uvpr...]
Compiling architecture synth of entity xfft_v9_1_9.axi_wrapper_input_fifo [\axi_wrapper_input_fifo(c_fifo_w...]
Compiling architecture xilinx of entity axi_utils_v2_0_6.glb_srl_fifo [\glb_srl_fifo(width=65,has_uvpro...]
Compiling architecture xilinx of entity axi_utils_v2_0_6.glb_ifx_slave [\glb_ifx_slave(width=65,has_uvpr...]
Compiling architecture synth of entity xfft_v9_1_9.axi_wrapper_input_fifo [\axi_wrapper_input_fifo(c_fifo_w...]
Compiling architecture xilinx of entity axi_utils_v2_0_6.glb_srl_fifo [\glb_srl_fifo(width=65,has_uvpro...]
Compiling architecture xilinx of entity axi_utils_v2_0_6.glb_ifx_master [\glb_ifx_master(width=65,afull_t...]
Compiling architecture synth of entity xfft_v9_1_9.axi_wrapper_output_fifo [\axi_wrapper_output_fifo(c_fifo_...]
Compiling architecture synth of entity xfft_v9_1_9.axi_wrapper [\axi_wrapper(c_nfft_max=9,c_arch...]
Compiling architecture xilinx of entity xfft_v9_1_9.equ_rtl [\equ_rtl(c_xdevicefamily="zynq",...]
Compiling architecture xilinx of entity xfft_v9_1_9.r22_cnt_ctrl [\r22_cnt_ctrl(c_xdevicefamily="z...]
Compiling architecture xilinx of entity xfft_v9_1_9.r22_cnt_ctrl [\r22_cnt_ctrl(c_xdevicefamily="z...]
Compiling architecture struct of entity c_shift_ram_v12_0_14.c_shift_ram_v12_0_14_legacy [\c_shift_ram_v12_0_14_legacy(c_x...]
Compiling architecture synth of entity c_shift_ram_v12_0_14.c_shift_ram_v12_0_14_viv [\c_shift_ram_v12_0_14_viv(c_xdev...]
Compiling architecture xilinx of entity xfft_v9_1_9.shift_ram [\shift_ram(c_xdevicefamily="zynq...]
Compiling architecture struct of entity c_shift_ram_v12_0_14.c_shift_ram_v12_0_14_legacy [\c_shift_ram_v12_0_14_legacy(c_x...]
Compiling architecture synth of entity c_shift_ram_v12_0_14.c_shift_ram_v12_0_14_viv [\c_shift_ram_v12_0_14_viv(c_xdev...]
Compiling architecture xilinx of entity xfft_v9_1_9.shift_ram [\shift_ram(c_xdevicefamily="zynq...]
Compiling architecture fd_v of entity unisim.FD [fd_default]
Compiling architecture struct of entity c_shift_ram_v12_0_14.c_shift_ram_v12_0_14_legacy [\c_shift_ram_v12_0_14_legacy(c_x...]
Compiling architecture synth of entity c_shift_ram_v12_0_14.c_shift_ram_v12_0_14_viv [\c_shift_ram_v12_0_14_viv(c_xdev...]
Compiling architecture xilinx of entity xfft_v9_1_9.shift_ram [\shift_ram(c_xdevicefamily="zynq...]
Compiling architecture struct of entity c_shift_ram_v12_0_14.c_shift_ram_v12_0_14_legacy [\c_shift_ram_v12_0_14_legacy(c_x...]
Compiling architecture synth of entity c_shift_ram_v12_0_14.c_shift_ram_v12_0_14_viv [\c_shift_ram_v12_0_14_viv(c_xdev...]
Compiling architecture xilinx of entity xfft_v9_1_9.shift_ram [\shift_ram(c_xdevicefamily="zynq...]
Compiling architecture fde_v of entity unisim.FDE [fde_default]
Compiling architecture struct of entity c_shift_ram_v12_0_14.c_shift_ram_v12_0_14_legacy [\c_shift_ram_v12_0_14_legacy(c_x...]
Compiling architecture synth of entity c_shift_ram_v12_0_14.c_shift_ram_v12_0_14_viv [\c_shift_ram_v12_0_14_viv(c_xdev...]
Compiling architecture xilinx of entity xfft_v9_1_9.shift_ram [\shift_ram(c_xdevicefamily="zynq...]
Compiling architecture xilinx of entity xfft_v9_1_9.shift_ram [\shift_ram(c_xdevicefamily="zynq...]
Compiling architecture struct of entity c_shift_ram_v12_0_14.c_shift_ram_v12_0_14_legacy [\c_shift_ram_v12_0_14_legacy(c_x...]
Compiling architecture synth of entity c_shift_ram_v12_0_14.c_shift_ram_v12_0_14_viv [\c_shift_ram_v12_0_14_viv(c_xdev...]
Compiling architecture xilinx of entity xfft_v9_1_9.shift_ram [\shift_ram(c_xdevicefamily="zynq...]
Compiling architecture xilinx of entity xfft_v9_1_9.shift_ram [\shift_ram(c_xdevicefamily="zynq...]
Compiling architecture xilinx of entity xfft_v9_1_9.shift_ram [\shift_ram(c_xdevicefamily="zynq...]
Compiling architecture xilinx of entity xfft_v9_1_9.shift_ram [\shift_ram(c_xdevicefamily="zynq...]
Compiling architecture lut3_v of entity unisim.LUT3 [\LUT3(init="11001010")(0,7)\]
Compiling architecture xilinx of entity xfft_v9_1_9.mux_bus2 [\mux_bus2(c_xdevicefamily="zynq"...]
Compiling architecture xilinx of entity xfft_v9_1_9.r22_delay_mux [\r22_delay_mux(c_xdevicefamily="...]
Compiling architecture xilinx of entity xfft_v9_1_9.r22_delay_mux [\r22_delay_mux(c_xdevicefamily="...]
Compiling architecture xilinx of entity xfft_v9_1_9.shift_ram [\shift_ram(c_xdevicefamily="zynq...]
Compiling architecture xilinx of entity xfft_v9_1_9.shift_ram [\shift_ram(c_xdevicefamily="zynq...]
Compiling architecture rb18_internal_vhdl_v of entity unisim.RB18_INTERNAL_VHDL [\RB18_INTERNAL_VHDL(bram_size=18...]
Compiling architecture ramb18e1_v of entity unisim.RAMB18E1 [\RAMB18E1(doa_reg=1,dob_reg=1,ra...]
Compiling architecture xilinx of entity xfft_v9_1_9.dpm [\dpm(c_xdevicefamily="zynq",wm="...]
Compiling architecture xilinx of entity xfft_v9_1_9.r22_memory [\r22_memory(c_xdevicefamily="zyn...]
Compiling architecture structural of entity c_reg_fd_v12_0_6.c_reg_fd_v12_0_6_viv [\c_reg_fd_v12_0_6_viv(c_width=34...]
Compiling architecture rtl of entity c_addsub_v12_0_15.c_addsub_v12_0_15_lut6_legacy [\c_addsub_v12_0_15_lut6_legacy(c...]
Compiling architecture synth of entity c_addsub_v12_0_15.c_addsub_v12_0_15_fabric_legacy [\c_addsub_v12_0_15_fabric_legacy...]
Compiling architecture synth of entity c_addsub_v12_0_15.c_addsub_v12_0_15_legacy [\c_addsub_v12_0_15_legacy(c_fami...]
Compiling architecture synth of entity c_addsub_v12_0_15.c_addsub_v12_0_15_viv [\c_addsub_v12_0_15_viv(c_xdevice...]
Compiling architecture xilinx of entity xfft_v9_1_9.adder_bypass [\adder_bypass(c_xdevicefamily="z...]
Compiling architecture structural of entity c_reg_fd_v12_0_6.c_reg_fd_v12_0_6_viv [\c_reg_fd_v12_0_6_viv(c_width=34...]
Compiling architecture rtl of entity c_addsub_v12_0_15.c_addsub_v12_0_15_lut6_legacy [\c_addsub_v12_0_15_lut6_legacy(c...]
Compiling architecture synth of entity c_addsub_v12_0_15.c_addsub_v12_0_15_fabric_legacy [\c_addsub_v12_0_15_fabric_legacy...]
Compiling architecture synth of entity c_addsub_v12_0_15.c_addsub_v12_0_15_legacy [\c_addsub_v12_0_15_legacy(c_fami...]
Compiling architecture synth of entity c_addsub_v12_0_15.c_addsub_v12_0_15_viv [\c_addsub_v12_0_15_viv(c_xdevice...]
Compiling architecture xilinx of entity xfft_v9_1_9.sub_byp [\sub_byp(c_xdevicefamily="zynq",...]
Compiling architecture xilinx of entity xfft_v9_1_9.r22_bfly_byp [\r22_bfly_byp(c_xdevicefamily="z...]
Compiling architecture xilinx of entity xfft_v9_1_9.r22_bf [\r22_bf(c_xdevicefamily="zynq",c...]
Compiling architecture xilinx of entity xfft_v9_1_9.shift_ram [\shift_ram(c_xdevicefamily="zynq...]
Compiling architecture synth of entity xfft_v9_1_9.r22_twos_comp_mux [\r22_twos_comp_mux(c_xdevicefami...]
Compiling architecture synth of entity xfft_v9_1_9.r22_twos_comp_mux [\r22_twos_comp_mux(c_xdevicefami...]
Compiling architecture xilinx of entity xfft_v9_1_9.shift_ram [\shift_ram(c_xdevicefamily="zynq...]
Compiling architecture xilinx of entity xfft_v9_1_9.shift_ram [\shift_ram(c_xdevicefamily="zynq...]
Compiling architecture xilinx of entity xfft_v9_1_9.shift_ram [\shift_ram(c_xdevicefamily="zynq...]
Compiling architecture xilinx of entity xfft_v9_1_9.mux_bus2 [\mux_bus2(c_xdevicefamily="zynq"...]
Compiling architecture xilinx of entity xfft_v9_1_9.r22_delay_mux [\r22_delay_mux(c_xdevicefamily="...]
Compiling architecture xilinx of entity xfft_v9_1_9.r22_delay_mux [\r22_delay_mux(c_xdevicefamily="...]
Compiling architecture xilinx of entity xfft_v9_1_9.shift_ram [\shift_ram(c_xdevicefamily="zynq...]
Compiling architecture xilinx of entity xfft_v9_1_9.shift_ram [\shift_ram(c_xdevicefamily="zynq...]
Compiling architecture xilinx of entity xfft_v9_1_9.dpm [\dpm(c_xdevicefamily="zynq",wm="...]
Compiling architecture xilinx of entity xfft_v9_1_9.r22_memory [\r22_memory(c_xdevicefamily="zyn...]
Compiling architecture structural of entity c_reg_fd_v12_0_6.c_reg_fd_v12_0_6_viv [\c_reg_fd_v12_0_6_viv(c_width=35...]
Compiling architecture rtl of entity c_addsub_v12_0_15.c_addsub_v12_0_15_lut6_legacy [\c_addsub_v12_0_15_lut6_legacy(c...]
Compiling architecture synth of entity c_addsub_v12_0_15.c_addsub_v12_0_15_fabric_legacy [\c_addsub_v12_0_15_fabric_legacy...]
Compiling architecture synth of entity c_addsub_v12_0_15.c_addsub_v12_0_15_legacy [\c_addsub_v12_0_15_legacy(c_fami...]
Compiling architecture synth of entity c_addsub_v12_0_15.c_addsub_v12_0_15_viv [\c_addsub_v12_0_15_viv(c_xdevice...]
Compiling architecture xilinx of entity xfft_v9_1_9.adder_bypass [\adder_bypass(c_xdevicefamily="z...]
Compiling architecture structural of entity c_reg_fd_v12_0_6.c_reg_fd_v12_0_6_viv [\c_reg_fd_v12_0_6_viv(c_width=35...]
Compiling architecture rtl of entity c_addsub_v12_0_15.c_addsub_v12_0_15_lut6_legacy [\c_addsub_v12_0_15_lut6_legacy(c...]
Compiling architecture synth of entity c_addsub_v12_0_15.c_addsub_v12_0_15_fabric_legacy [\c_addsub_v12_0_15_fabric_legacy...]
Compiling architecture synth of entity c_addsub_v12_0_15.c_addsub_v12_0_15_legacy [\c_addsub_v12_0_15_legacy(c_fami...]
Compiling architecture synth of entity c_addsub_v12_0_15.c_addsub_v12_0_15_viv [\c_addsub_v12_0_15_viv(c_xdevice...]
Compiling architecture xilinx of entity xfft_v9_1_9.sub_byp [\sub_byp(c_xdevicefamily="zynq",...]
Compiling architecture xilinx of entity xfft_v9_1_9.r22_bfly_byp [\r22_bfly_byp(c_xdevicefamily="z...]
Compiling architecture xilinx of entity xfft_v9_1_9.r22_bf [\r22_bf(c_xdevicefamily="zynq",c...]
Compiling architecture structural of entity c_reg_fd_v12_0_6.c_reg_fd_v12_0_6_viv [\c_reg_fd_v12_0_6_viv(c_width=9,...]
Compiling architecture rtl of entity c_addsub_v12_0_15.c_addsub_v12_0_15_lut6_legacy [\c_addsub_v12_0_15_lut6_legacy(c...]
Compiling architecture synth of entity c_addsub_v12_0_15.c_addsub_v12_0_15_fabric_legacy [\c_addsub_v12_0_15_fabric_legacy...]
Compiling architecture synth of entity c_addsub_v12_0_15.c_addsub_v12_0_15_legacy [\c_addsub_v12_0_15_legacy(c_fami...]
Compiling architecture synth of entity c_addsub_v12_0_15.c_addsub_v12_0_15_viv [\c_addsub_v12_0_15_viv(c_xdevice...]
Compiling architecture xilinx of entity xfft_v9_1_9.adder [\adder(c_xdevicefamily="zynq",c_...]
Compiling architecture lut6_v of entity unisim.LUT6 [\LUT6(init="11111111000000001111...]
Compiling architecture xilinx of entity xfft_v9_1_9.mux_bus4 [\mux_bus4(c_xdevicefamily="zynq"...]
Compiling architecture vcc_v of entity unisim.VCC [vcc_default]
Compiling architecture xilinx of entity xfft_v9_1_9.twgen_half_sincos [\twgen_half_sincos(c_xdevicefami...]
Compiling architecture xilinx of entity xfft_v9_1_9.twiddle_gen [\twiddle_gen(c_xdevicefamily="zy...]
Compiling architecture xilinx of entity xfft_v9_1_9.r22_tw_gen [\r22_tw_gen(c_xdevicefamily="zyn...]
Compiling architecture xilinx of entity cmpy_v6_0_21.delay_line [\delay_line(c_xdevicefamily="zyn...]
Compiling architecture xilinx of entity cmpy_v6_0_21.delay_line [\delay_line(c_xdevicefamily="zyn...]
Compiling architecture xilinx of entity cmpy_v6_0_21.delay_line [\delay_line(c_xdevicefamily="zyn...]
Compiling architecture xilinx of entity mult_gen_v12_0_18.delay_line [\delay_line(c_xdevicefamily="zyn...]
Compiling architecture xilinx of entity mult_gen_v12_0_18.delay_line [\delay_line(c_xdevicefamily="zyn...]
Compiling architecture xilinx of entity mult_gen_v12_0_18.delay_line [\delay_line(c_xdevicefamily="zyn...]
Compiling architecture xilinx of entity mult_gen_v12_0_18.delay_line [\delay_line(c_xdevicefamily="zyn...]
Compiling architecture dsp48e1_v of entity unisim.DSP48E1 [\DSP48E1(acascreg=2,alumodereg=0...]
Compiling architecture xilinx of entity mult_gen_v12_0_18.delay_line [\delay_line(c_xdevicefamily="zyn...]
Compiling architecture xilinx of entity mult_gen_v12_0_18.delay_line [\delay_line(c_xdevicefamily="zyn...]
Compiling architecture dsp48e1_v of entity unisim.DSP48E1 [\DSP48E1(alumodereg=0,a_input="C...]
Compiling architecture xilinx of entity mult_gen_v12_0_18.delay_line [\delay_line(c_xdevicefamily="zyn...]
Compiling architecture xilinx of entity mult_gen_v12_0_18.op_resize [\op_resize(ai_width=10,bi_width=...]
Compiling architecture xilinx of entity mult_gen_v12_0_18.dsp [\dsp(c_xdevicefamily="zynq",c_a_...]
Compiling architecture xilinx of entity cmpy_v6_0_21.cmpy_3_dsp48_mult [\cmpy_3_dsp48_mult(c_xdevicefami...]
Compiling architecture xilinx of entity cmpy_v6_0_21.delay_line [\delay_line(c_xdevicefamily="zyn...]
Compiling architecture xilinx of entity mult_gen_v12_0_18.delay_line [\delay_line(c_xdevicefamily="zyn...]
Compiling architecture xilinx of entity mult_gen_v12_0_18.delay_line [\delay_line(c_xdevicefamily="zyn...]
Compiling architecture dsp48e1_v of entity unisim.DSP48E1 [\DSP48E1(acascreg=2,alumodereg=0...]
Compiling architecture dsp48e1_v of entity unisim.DSP48E1 [\DSP48E1(alumodereg=0,a_input="C...]
Compiling architecture xilinx of entity mult_gen_v12_0_18.op_resize [\op_resize(ai_width=9,bi_width=3...]
Compiling architecture xilinx of entity mult_gen_v12_0_18.dsp [\dsp(c_xdevicefamily="zynq",c_a_...]
Compiling architecture xilinx of entity cmpy_v6_0_21.cmpy_3_dsp48_mult [\cmpy_3_dsp48_mult(c_xdevicefami...]
Compiling architecture xilinx of entity mult_gen_v12_0_18.dsp [\dsp(c_xdevicefamily="zynq",c_a_...]
Compiling architecture xilinx of entity cmpy_v6_0_21.cmpy_3_dsp48_mult [\cmpy_3_dsp48_mult(c_xdevicefami...]
Compiling architecture xilinx of entity cmpy_v6_0_21.input_negation [\input_negation(c_xdevicefamily=...]
Compiling architecture xilinx of entity cmpy_v6_0_21.delay_line [\delay_line(c_xdevicefamily="zyn...]
Compiling architecture xilinx of entity cmpy_v6_0_21.delay_line [\delay_line(c_xdevicefamily="zyn...]
Compiling architecture xilinx of entity cmpy_v6_0_21.cmpy_3_dsp48 [\cmpy_3_dsp48(c_xdevicefamily="z...]
Compiling architecture xilinx of entity cmpy_v6_0_21.cmpy_v6_0_21_synth [\cmpy_v6_0_21_synth(c_xdevicefam...]
Compiling architecture xilinx of entity xfft_v9_1_9.cmpy [\cmpy(c_xdevicefamily="zynq",a_w...]
Compiling architecture xilinx of entity xfft_v9_1_9.mux_bus4 [\mux_bus4(c_xdevicefamily="zynq"...]
Compiling architecture xilinx of entity xfft_v9_1_9.arith_shift3 [\arith_shift3(c_xdevicefamily="z...]
Compiling architecture xilinx of entity xfft_v9_1_9.shift_ram [\shift_ram(c_xdevicefamily="zynq...]
Compiling architecture xilinx of entity xfft_v9_1_9.shift_ram [\shift_ram(c_xdevicefamily="zynq...]
Compiling architecture xilinx of entity xfft_v9_1_9.r22_pe [\r22_pe(c_xdevicefamily="zynq",c...]
Compiling architecture synth of entity xfft_v9_1_9.srl_fifo [\srl_fifo(c_width=1)\]
Compiling architecture xilinx of entity xfft_v9_1_9.r22_cnt_ctrl [\r22_cnt_ctrl(c_xdevicefamily="z...]
Compiling architecture xilinx of entity xfft_v9_1_9.r22_cnt_ctrl [\r22_cnt_ctrl(c_xdevicefamily="z...]
Compiling architecture struct of entity c_shift_ram_v12_0_14.c_shift_ram_v12_0_14_legacy [\c_shift_ram_v12_0_14_legacy(c_x...]
Compiling architecture synth of entity c_shift_ram_v12_0_14.c_shift_ram_v12_0_14_viv [\c_shift_ram_v12_0_14_viv(c_xdev...]
Compiling architecture xilinx of entity xfft_v9_1_9.shift_ram [\shift_ram(c_xdevicefamily="zynq...]
Compiling architecture struct of entity c_shift_ram_v12_0_14.c_shift_ram_v12_0_14_legacy [\c_shift_ram_v12_0_14_legacy(c_x...]
Compiling architecture synth of entity c_shift_ram_v12_0_14.c_shift_ram_v12_0_14_viv [\c_shift_ram_v12_0_14_viv(c_xdev...]
Compiling architecture xilinx of entity xfft_v9_1_9.shift_ram [\shift_ram(c_xdevicefamily="zynq...]
Compiling architecture xilinx of entity xfft_v9_1_9.r22_delay_mux [\r22_delay_mux(c_xdevicefamily="...]
Compiling architecture xilinx of entity xfft_v9_1_9.r22_delay_mux [\r22_delay_mux(c_xdevicefamily="...]
Compiling architecture xilinx of entity xfft_v9_1_9.shift_ram [\shift_ram(c_xdevicefamily="zynq...]
Compiling architecture xilinx of entity xfft_v9_1_9.shift_ram [\shift_ram(c_xdevicefamily="zynq...]
Compiling architecture struct of entity c_shift_ram_v12_0_14.c_shift_ram_v12_0_14_legacy [\c_shift_ram_v12_0_14_legacy(c_x...]
Compiling architecture synth of entity c_shift_ram_v12_0_14.c_shift_ram_v12_0_14_viv [\c_shift_ram_v12_0_14_viv(c_xdev...]
Compiling architecture synth of entity xfft_v9_1_9.r22_srl_memory [\r22_srl_memory(c_xdevicefamily=...]
Compiling architecture xilinx of entity xfft_v9_1_9.r22_memory [\r22_memory(c_xdevicefamily="zyn...]
Compiling architecture xilinx of entity xfft_v9_1_9.r22_bf [\r22_bf(c_xdevicefamily="zynq",c...]
Compiling architecture xilinx of entity xfft_v9_1_9.r22_delay_mux [\r22_delay_mux(c_xdevicefamily="...]
Compiling architecture xilinx of entity xfft_v9_1_9.r22_delay_mux [\r22_delay_mux(c_xdevicefamily="...]
Compiling architecture xilinx of entity xfft_v9_1_9.shift_ram [\shift_ram(c_xdevicefamily="zynq...]
Compiling architecture xilinx of entity xfft_v9_1_9.shift_ram [\shift_ram(c_xdevicefamily="zynq...]
Compiling architecture struct of entity c_shift_ram_v12_0_14.c_shift_ram_v12_0_14_legacy [\c_shift_ram_v12_0_14_legacy(c_x...]
Compiling architecture synth of entity c_shift_ram_v12_0_14.c_shift_ram_v12_0_14_viv [\c_shift_ram_v12_0_14_viv(c_xdev...]
Compiling architecture synth of entity xfft_v9_1_9.r22_srl_memory [\r22_srl_memory(c_xdevicefamily=...]
Compiling architecture xilinx of entity xfft_v9_1_9.r22_memory [\r22_memory(c_xdevicefamily="zyn...]
Compiling architecture xilinx of entity xfft_v9_1_9.r22_bf [\r22_bf(c_xdevicefamily="zynq",c...]
Compiling architecture structural of entity c_reg_fd_v12_0_6.c_reg_fd_v12_0_6_viv [\c_reg_fd_v12_0_6_viv(c_width=7,...]
Compiling architecture rtl of entity c_addsub_v12_0_15.c_addsub_v12_0_15_lut6_legacy [\c_addsub_v12_0_15_lut6_legacy(c...]
Compiling architecture synth of entity c_addsub_v12_0_15.c_addsub_v12_0_15_fabric_legacy [\c_addsub_v12_0_15_fabric_legacy...]
Compiling architecture synth of entity c_addsub_v12_0_15.c_addsub_v12_0_15_legacy [\c_addsub_v12_0_15_legacy(c_fami...]
Compiling architecture synth of entity c_addsub_v12_0_15.c_addsub_v12_0_15_viv [\c_addsub_v12_0_15_viv(c_xdevice...]
Compiling architecture xilinx of entity xfft_v9_1_9.adder [\adder(c_xdevicefamily="zynq",c_...]
Compiling architecture xilinx of entity xfft_v9_1_9.mux_bus4 [\mux_bus4(c_xdevicefamily="zynq"...]
Compiling architecture struct of entity c_shift_ram_v12_0_14.c_shift_ram_v12_0_14_legacy [\c_shift_ram_v12_0_14_legacy(c_x...]
Compiling architecture synth of entity c_shift_ram_v12_0_14.c_shift_ram_v12_0_14_viv [\c_shift_ram_v12_0_14_viv(c_xdev...]
Compiling architecture xilinx of entity xfft_v9_1_9.shift_ram [\shift_ram(c_xdevicefamily="zynq...]
Compiling architecture xilinx of entity xfft_v9_1_9.twgen_distmem [\twgen_distmem(theta_width=6,twi...]
Compiling architecture xilinx of entity xfft_v9_1_9.twiddle_gen [\twiddle_gen(c_xdevicefamily="zy...]
Compiling architecture xilinx of entity xfft_v9_1_9.r22_tw_gen [\r22_tw_gen(c_xdevicefamily="zyn...]
Compiling architecture xilinx of entity xfft_v9_1_9.shift_ram [\shift_ram(c_xdevicefamily="zynq...]
Compiling architecture xilinx of entity xfft_v9_1_9.shift_ram [\shift_ram(c_xdevicefamily="zynq...]
Compiling architecture xilinx of entity xfft_v9_1_9.r22_pe [\r22_pe(c_xdevicefamily="zynq",c...]
Compiling architecture xilinx of entity xfft_v9_1_9.r22_cnt_ctrl [\r22_cnt_ctrl(c_xdevicefamily="z...]
Compiling architecture xilinx of entity xfft_v9_1_9.r22_cnt_ctrl [\r22_cnt_ctrl(c_xdevicefamily="z...]
Compiling architecture struct of entity c_shift_ram_v12_0_14.c_shift_ram_v12_0_14_legacy [\c_shift_ram_v12_0_14_legacy(c_x...]
Compiling architecture synth of entity c_shift_ram_v12_0_14.c_shift_ram_v12_0_14_viv [\c_shift_ram_v12_0_14_viv(c_xdev...]
Compiling architecture xilinx of entity xfft_v9_1_9.shift_ram [\shift_ram(c_xdevicefamily="zynq...]
Compiling architecture struct of entity c_shift_ram_v12_0_14.c_shift_ram_v12_0_14_legacy [\c_shift_ram_v12_0_14_legacy(c_x...]
Compiling architecture synth of entity c_shift_ram_v12_0_14.c_shift_ram_v12_0_14_viv [\c_shift_ram_v12_0_14_viv(c_xdev...]
Compiling architecture xilinx of entity xfft_v9_1_9.shift_ram [\shift_ram(c_xdevicefamily="zynq...]
Compiling architecture xilinx of entity xfft_v9_1_9.shift_ram [\shift_ram(c_xdevicefamily="zynq...]
Compiling architecture struct of entity c_shift_ram_v12_0_14.c_shift_ram_v12_0_14_legacy [\c_shift_ram_v12_0_14_legacy(c_x...]
Compiling architecture synth of entity c_shift_ram_v12_0_14.c_shift_ram_v12_0_14_viv [\c_shift_ram_v12_0_14_viv(c_xdev...]
Compiling architecture xilinx of entity xfft_v9_1_9.shift_ram [\shift_ram(c_xdevicefamily="zynq...]
Compiling architecture struct of entity c_shift_ram_v12_0_14.c_shift_ram_v12_0_14_legacy [\c_shift_ram_v12_0_14_legacy(c_x...]
Compiling architecture synth of entity c_shift_ram_v12_0_14.c_shift_ram_v12_0_14_viv [\c_shift_ram_v12_0_14_viv(c_xdev...]
Compiling architecture xilinx of entity xfft_v9_1_9.shift_ram [\shift_ram(c_xdevicefamily="zynq...]
Compiling architecture struct of entity c_shift_ram_v12_0_14.c_shift_ram_v12_0_14_legacy [\c_shift_ram_v12_0_14_legacy(c_x...]
Compiling architecture synth of entity c_shift_ram_v12_0_14.c_shift_ram_v12_0_14_viv [\c_shift_ram_v12_0_14_viv(c_xdev...]
Compiling architecture xilinx of entity xfft_v9_1_9.shift_ram [\shift_ram(c_xdevicefamily="zynq...]
Compiling architecture struct of entity c_shift_ram_v12_0_14.c_shift_ram_v12_0_14_legacy [\c_shift_ram_v12_0_14_legacy(c_x...]
Compiling architecture synth of entity c_shift_ram_v12_0_14.c_shift_ram_v12_0_14_viv [\c_shift_ram_v12_0_14_viv(c_xdev...]
Compiling architecture xilinx of entity xfft_v9_1_9.shift_ram [\shift_ram(c_xdevicefamily="zynq...]
Compiling architecture structural of entity c_reg_fd_v12_0_6.c_reg_fd_v12_0_6_viv [\c_reg_fd_v12_0_6_viv(c_width=33...]
Compiling architecture rtl of entity c_addsub_v12_0_15.c_addsub_v12_0_15_lut6_legacy [\c_addsub_v12_0_15_lut6_legacy(c...]
Compiling architecture synth of entity c_addsub_v12_0_15.c_addsub_v12_0_15_fabric_legacy [\c_addsub_v12_0_15_fabric_legacy...]
Compiling architecture synth of entity c_addsub_v12_0_15.c_addsub_v12_0_15_legacy [\c_addsub_v12_0_15_legacy(c_fami...]
Compiling architecture synth of entity c_addsub_v12_0_15.c_addsub_v12_0_15_viv [\c_addsub_v12_0_15_viv(c_xdevice...]
Compiling architecture xilinx of entity xfft_v9_1_9.adder [\adder(c_xdevicefamily="zynq",c_...]
Compiling architecture struct of entity c_shift_ram_v12_0_14.c_shift_ram_v12_0_14_legacy [\c_shift_ram_v12_0_14_legacy(c_x...]
Compiling architecture synth of entity c_shift_ram_v12_0_14.c_shift_ram_v12_0_14_viv [\c_shift_ram_v12_0_14_viv(c_xdev...]
Compiling architecture xilinx of entity xfft_v9_1_9.shift_ram [\shift_ram(c_xdevicefamily="zynq...]
Compiling architecture xilinx of entity xfft_v9_1_9.shift_ram [\shift_ram(c_xdevicefamily="zynq...]
Compiling architecture xilinx of entity xfft_v9_1_9.mux_bus2 [\mux_bus2(c_xdevicefamily="zynq"...]
Compiling architecture xilinx of entity xfft_v9_1_9.shift_ram [\shift_ram(c_xdevicefamily="zynq...]
Compiling architecture xilinx of entity xfft_v9_1_9.r22_bf_sp [\r22_bf_sp(c_xdevicefamily="zynq...]
Compiling architecture rtl of entity c_addsub_v12_0_15.c_addsub_v12_0_15_lut6_legacy [\c_addsub_v12_0_15_lut6_legacy(c...]
Compiling architecture synth of entity c_addsub_v12_0_15.c_addsub_v12_0_15_fabric_legacy [\c_addsub_v12_0_15_fabric_legacy...]
Compiling architecture synth of entity c_addsub_v12_0_15.c_addsub_v12_0_15_legacy [\c_addsub_v12_0_15_legacy(c_fami...]
Compiling architecture synth of entity c_addsub_v12_0_15.c_addsub_v12_0_15_viv [\c_addsub_v12_0_15_viv(c_xdevice...]
Compiling architecture xilinx of entity xfft_v9_1_9.adder [\adder(c_xdevicefamily="zynq",c_...]
Compiling architecture xilinx of entity xfft_v9_1_9.shift_ram [\shift_ram(c_xdevicefamily="zynq...]
Compiling architecture struct of entity c_shift_ram_v12_0_14.c_shift_ram_v12_0_14_legacy [\c_shift_ram_v12_0_14_legacy(c_x...]
Compiling architecture synth of entity c_shift_ram_v12_0_14.c_shift_ram_v12_0_14_viv [\c_shift_ram_v12_0_14_viv(c_xdev...]
Compiling architecture xilinx of entity xfft_v9_1_9.shift_ram [\shift_ram(c_xdevicefamily="zynq...]
Compiling architecture xilinx of entity xfft_v9_1_9.shift_ram [\shift_ram(c_xdevicefamily="zynq...]
Compiling architecture xilinx of entity xfft_v9_1_9.r22_bf_sp [\r22_bf_sp(c_xdevicefamily="zynq...]
Compiling architecture struct of entity c_shift_ram_v12_0_14.c_shift_ram_v12_0_14_legacy [\c_shift_ram_v12_0_14_legacy(c_x...]
Compiling architecture synth of entity c_shift_ram_v12_0_14.c_shift_ram_v12_0_14_viv [\c_shift_ram_v12_0_14_viv(c_xdev...]
Compiling architecture xilinx of entity xfft_v9_1_9.shift_ram [\shift_ram(c_xdevicefamily="zynq...]
Compiling architecture struct of entity c_shift_ram_v12_0_14.c_shift_ram_v12_0_14_legacy [\c_shift_ram_v12_0_14_legacy(c_x...]
Compiling architecture synth of entity c_shift_ram_v12_0_14.c_shift_ram_v12_0_14_viv [\c_shift_ram_v12_0_14_viv(c_xdev...]
Compiling architecture xilinx of entity xfft_v9_1_9.shift_ram [\shift_ram(c_xdevicefamily="zynq...]
Compiling architecture structural of entity c_reg_fd_v12_0_6.c_reg_fd_v12_0_6_viv [\c_reg_fd_v12_0_6_viv(c_width=5,...]
Compiling architecture rtl of entity c_addsub_v12_0_15.c_addsub_v12_0_15_lut6_legacy [\c_addsub_v12_0_15_lut6_legacy(c...]
Compiling architecture synth of entity c_addsub_v12_0_15.c_addsub_v12_0_15_fabric_legacy [\c_addsub_v12_0_15_fabric_legacy...]
Compiling architecture synth of entity c_addsub_v12_0_15.c_addsub_v12_0_15_legacy [\c_addsub_v12_0_15_legacy(c_fami...]
Compiling architecture synth of entity c_addsub_v12_0_15.c_addsub_v12_0_15_viv [\c_addsub_v12_0_15_viv(c_xdevice...]
Compiling architecture xilinx of entity xfft_v9_1_9.adder [\adder(c_xdevicefamily="zynq",c_...]
Compiling architecture xilinx of entity xfft_v9_1_9.mux_bus4 [\mux_bus4(c_xdevicefamily="zynq"...]
Compiling architecture xilinx of entity xfft_v9_1_9.twgen_distmem [\twgen_distmem(theta_width=4,twi...]
Compiling architecture xilinx of entity xfft_v9_1_9.twiddle_gen [\twiddle_gen(c_xdevicefamily="zy...]
Compiling architecture xilinx of entity xfft_v9_1_9.r22_tw_gen [\r22_tw_gen(c_xdevicefamily="zyn...]
Compiling architecture struct of entity c_shift_ram_v12_0_14.c_shift_ram_v12_0_14_legacy [\c_shift_ram_v12_0_14_legacy(c_x...]
Compiling architecture synth of entity c_shift_ram_v12_0_14.c_shift_ram_v12_0_14_viv [\c_shift_ram_v12_0_14_viv(c_xdev...]
Compiling architecture xilinx of entity xfft_v9_1_9.shift_ram [\shift_ram(c_xdevicefamily="zynq...]
Compiling architecture xilinx of entity xfft_v9_1_9.shift_ram [\shift_ram(c_xdevicefamily="zynq...]
Compiling architecture xilinx of entity xfft_v9_1_9.r22_pe [\r22_pe(c_xdevicefamily="zynq",c...]
Compiling architecture xilinx of entity xfft_v9_1_9.r22_cnt_ctrl [\r22_cnt_ctrl(c_xdevicefamily="z...]
Compiling architecture xilinx of entity xfft_v9_1_9.r22_cnt_ctrl [\r22_cnt_ctrl(c_xdevicefamily="z...]
Compiling architecture struct of entity c_shift_ram_v12_0_14.c_shift_ram_v12_0_14_legacy [\c_shift_ram_v12_0_14_legacy(c_x...]
Compiling architecture synth of entity c_shift_ram_v12_0_14.c_shift_ram_v12_0_14_viv [\c_shift_ram_v12_0_14_viv(c_xdev...]
Compiling architecture xilinx of entity xfft_v9_1_9.shift_ram [\shift_ram(c_xdevicefamily="zynq...]
Compiling architecture struct of entity c_shift_ram_v12_0_14.c_shift_ram_v12_0_14_legacy [\c_shift_ram_v12_0_14_legacy(c_x...]
Compiling architecture synth of entity c_shift_ram_v12_0_14.c_shift_ram_v12_0_14_viv [\c_shift_ram_v12_0_14_viv(c_xdev...]
Compiling architecture xilinx of entity xfft_v9_1_9.shift_ram [\shift_ram(c_xdevicefamily="zynq...]
Compiling architecture struct of entity c_shift_ram_v12_0_14.c_shift_ram_v12_0_14_legacy [\c_shift_ram_v12_0_14_legacy(c_x...]
Compiling architecture synth of entity c_shift_ram_v12_0_14.c_shift_ram_v12_0_14_viv [\c_shift_ram_v12_0_14_viv(c_xdev...]
Compiling architecture xilinx of entity xfft_v9_1_9.shift_ram [\shift_ram(c_xdevicefamily="zynq...]
Compiling architecture struct of entity c_shift_ram_v12_0_14.c_shift_ram_v12_0_14_legacy [\c_shift_ram_v12_0_14_legacy(c_x...]
Compiling architecture synth of entity c_shift_ram_v12_0_14.c_shift_ram_v12_0_14_viv [\c_shift_ram_v12_0_14_viv(c_xdev...]
Compiling architecture xilinx of entity xfft_v9_1_9.shift_ram [\shift_ram(c_xdevicefamily="zynq...]
Compiling architecture struct of entity c_shift_ram_v12_0_14.c_shift_ram_v12_0_14_legacy [\c_shift_ram_v12_0_14_legacy(c_x...]
Compiling architecture synth of entity c_shift_ram_v12_0_14.c_shift_ram_v12_0_14_viv [\c_shift_ram_v12_0_14_viv(c_xdev...]
Compiling architecture xilinx of entity xfft_v9_1_9.shift_ram [\shift_ram(c_xdevicefamily="zynq...]
Compiling architecture struct of entity c_shift_ram_v12_0_14.c_shift_ram_v12_0_14_legacy [\c_shift_ram_v12_0_14_legacy(c_x...]
Compiling architecture synth of entity c_shift_ram_v12_0_14.c_shift_ram_v12_0_14_viv [\c_shift_ram_v12_0_14_viv(c_xdev...]
Compiling architecture xilinx of entity xfft_v9_1_9.shift_ram [\shift_ram(c_xdevicefamily="zynq...]
Compiling architecture struct of entity c_shift_ram_v12_0_14.c_shift_ram_v12_0_14_legacy [\c_shift_ram_v12_0_14_legacy(c_x...]
Compiling architecture synth of entity c_shift_ram_v12_0_14.c_shift_ram_v12_0_14_viv [\c_shift_ram_v12_0_14_viv(c_xdev...]
Compiling architecture xilinx of entity xfft_v9_1_9.shift_ram [\shift_ram(c_xdevicefamily="zynq...]
Compiling architecture xilinx of entity xfft_v9_1_9.shift_ram [\shift_ram(c_xdevicefamily="zynq...]
Compiling architecture xilinx of entity xfft_v9_1_9.r22_bf_sp [\r22_bf_sp(c_xdevicefamily="zynq...]
Compiling architecture xilinx of entity xfft_v9_1_9.shift_ram [\shift_ram(c_xdevicefamily="zynq...]
Compiling architecture xilinx of entity xfft_v9_1_9.r22_bf_sp [\r22_bf_sp(c_xdevicefamily="zynq...]
Compiling architecture xilinx of entity xfft_v9_1_9.shift_ram [\shift_ram(c_xdevicefamily="zynq...]
Compiling architecture struct of entity c_shift_ram_v12_0_14.c_shift_ram_v12_0_14_legacy [\c_shift_ram_v12_0_14_legacy(c_x...]
Compiling architecture synth of entity c_shift_ram_v12_0_14.c_shift_ram_v12_0_14_viv [\c_shift_ram_v12_0_14_viv(c_xdev...]
Compiling architecture xilinx of entity xfft_v9_1_9.shift_ram [\shift_ram(c_xdevicefamily="zynq...]
Compiling architecture structural of entity c_reg_fd_v12_0_6.c_reg_fd_v12_0_6_viv [\c_reg_fd_v12_0_6_viv(c_width=3,...]
Compiling architecture rtl of entity c_addsub_v12_0_15.c_addsub_v12_0_15_lut6_legacy [\c_addsub_v12_0_15_lut6_legacy(c...]
Compiling architecture synth of entity c_addsub_v12_0_15.c_addsub_v12_0_15_fabric_legacy [\c_addsub_v12_0_15_fabric_legacy...]
Compiling architecture synth of entity c_addsub_v12_0_15.c_addsub_v12_0_15_legacy [\c_addsub_v12_0_15_legacy(c_fami...]
Compiling architecture synth of entity c_addsub_v12_0_15.c_addsub_v12_0_15_viv [\c_addsub_v12_0_15_viv(c_xdevice...]
Compiling architecture xilinx of entity xfft_v9_1_9.adder [\adder(c_xdevicefamily="zynq",c_...]
Compiling architecture xilinx of entity xfft_v9_1_9.mux_bus4 [\mux_bus4(c_xdevicefamily="zynq"...]
Compiling architecture xilinx of entity xfft_v9_1_9.twgen_distmem [\twgen_distmem(theta_width=2,twi...]
Compiling architecture xilinx of entity xfft_v9_1_9.twiddle_gen [\twiddle_gen(c_xdevicefamily="zy...]
Compiling architecture xilinx of entity xfft_v9_1_9.r22_tw_gen [\r22_tw_gen(c_xdevicefamily="zyn...]
Compiling architecture xilinx of entity xfft_v9_1_9.shift_ram [\shift_ram(c_xdevicefamily="zynq...]
Compiling architecture xilinx of entity xfft_v9_1_9.shift_ram [\shift_ram(c_xdevicefamily="zynq...]
Compiling architecture xilinx of entity xfft_v9_1_9.r22_pe [\r22_pe(c_xdevicefamily="zynq",c...]
Compiling architecture xilinx of entity xfft_v9_1_9.shift_ram [\shift_ram(c_xdevicefamily="zynq...]
Compiling architecture xilinx of entity xfft_v9_1_9.shift_ram [\shift_ram(c_xdevicefamily="zynq...]
Compiling architecture xilinx of entity xfft_v9_1_9.shift_ram [\shift_ram(c_xdevicefamily="zynq...]
Compiling architecture xilinx of entity xfft_v9_1_9.shift_ram [\shift_ram(c_xdevicefamily="zynq...]
Compiling architecture xilinx of entity xfft_v9_1_9.shift_ram [\shift_ram(c_xdevicefamily="zynq...]
Compiling architecture xilinx of entity xfft_v9_1_9.shift_ram [\shift_ram(c_xdevicefamily="zynq...]
Compiling architecture xilinx of entity xfft_v9_1_9.r22_bf_sp [\r22_bf_sp(c_xdevicefamily="zynq...]
Compiling architecture xilinx of entity xfft_v9_1_9.arith_shift1 [\arith_shift1(c_xdevicefamily="z...]
Compiling architecture xilinx of entity xfft_v9_1_9.shift_ram [\shift_ram(c_xdevicefamily="zynq...]
Compiling architecture xilinx of entity xfft_v9_1_9.shift_ram [\shift_ram(c_xdevicefamily="zynq...]
Compiling architecture xilinx of entity xfft_v9_1_9.shift_ram [\shift_ram(c_xdevicefamily="zynq...]
Compiling architecture xilinx of entity xfft_v9_1_9.r22_pe [\r22_pe(c_xdevicefamily="zynq",c...]
Compiling architecture xilinx of entity xfft_v9_1_9.shift_ram [\shift_ram(c_xdevicefamily="zynq...]
Compiling architecture xilinx of entity xfft_v9_1_9.shift_ram [\shift_ram(c_xdevicefamily="zynq...]
Compiling architecture xilinx of entity xfft_v9_1_9.shift_ram [\shift_ram(c_xdevicefamily="zynq...]
Compiling architecture xilinx of entity xfft_v9_1_9.shift_ram [\shift_ram(c_xdevicefamily="zynq...]
Compiling architecture xilinx of entity xfft_v9_1_9.dpm [\dpm(c_xdevicefamily="zynq",wm="...]
Compiling architecture xilinx of entity xfft_v9_1_9.r22_memory [\r22_memory(c_xdevicefamily="zyn...]
Compiling architecture xilinx of entity xfft_v9_1_9.shift_ram [\shift_ram(c_xdevicefamily="zynq...]
Compiling architecture xilinx of entity xfft_v9_1_9.shift_ram [\shift_ram(c_xdevicefamily="zynq...]
Compiling architecture xilinx of entity xfft_v9_1_9.shift_ram [\shift_ram(c_xdevicefamily="zynq...]
Compiling architecture xilinx of entity xfft_v9_1_9.shift_ram [\shift_ram(c_xdevicefamily="zynq...]
Compiling architecture xilinx of entity xfft_v9_1_9.r22_busy [\r22_busy(c_xdevicefamily="zynq"...]
Compiling architecture structural of entity c_reg_fd_v12_0_6.c_reg_fd_v12_0_6_viv [\c_reg_fd_v12_0_6_viv(c_width=9,...]
Compiling architecture muxcy_v of entity unisim.MUXCY [muxcy_default]
Compiling architecture xorcy_v of entity unisim.XORCY [xorcy_default]
Compiling architecture rtl of entity c_addsub_v12_0_15.c_addsub_v12_0_15_lut6_legacy [\c_addsub_v12_0_15_lut6_legacy(c...]
Compiling architecture synth of entity c_addsub_v12_0_15.c_addsub_v12_0_15_fabric_legacy [\c_addsub_v12_0_15_fabric_legacy...]
Compiling architecture synth of entity c_addsub_v12_0_15.c_addsub_v12_0_15_legacy [\c_addsub_v12_0_15_legacy(c_fami...]
Compiling architecture synth of entity c_addsub_v12_0_15.c_addsub_v12_0_15_viv [\c_addsub_v12_0_15_viv(c_xdevice...]
Compiling architecture lut6_v of entity unisim.LUT6 [\LUT6(init="10010000000010010000...]
Compiling architecture xilinx of entity xfft_v9_1_9.equ_rtl [\equ_rtl(c_xdevicefamily="zynq",...]
Compiling architecture fdre_v of entity unisim.FDRE [fdre_default]
Compiling architecture xilinx of entity xfft_v9_1_9.cnt_tc_rtl_a [\cnt_tc_rtl_a(c_xdevicefamily="z...]
Compiling architecture struct of entity c_shift_ram_v12_0_14.c_shift_ram_v12_0_14_legacy [\c_shift_ram_v12_0_14_legacy(c_x...]
Compiling architecture synth of entity c_shift_ram_v12_0_14.c_shift_ram_v12_0_14_viv [\c_shift_ram_v12_0_14_viv(c_xdev...]
Compiling architecture xilinx of entity xfft_v9_1_9.shift_ram [\shift_ram(c_xdevicefamily="zynq...]
Compiling architecture xilinx of entity xfft_v9_1_9.r22_flow_ctrl [\r22_flow_ctrl(c_xdevicefamily="...]
Compiling architecture lut3_v of entity unisim.LUT3 [\LUT3(init="10101110")(0,7)\]
Compiling architecture xilinx of entity xfft_v9_1_9.r22_cnt_ctrl [\r22_cnt_ctrl(c_xdevicefamily="z...]
Compiling architecture srl16e_v of entity unisim.SRL16E [\SRL16E(0,15)\]
Compiling architecture xilinx of entity xfft_v9_1_9.shift_ram [\shift_ram(c_xdevicefamily="zynq...]
Compiling architecture fdr_v of entity unisim.FDR [fdr_default]
Compiling architecture xilinx of entity xfft_v9_1_9.shift_ram [\shift_ram(c_xdevicefamily="zynq...]
Compiling architecture xilinx of entity xfft_v9_1_9.shift_ram [\shift_ram(c_xdevicefamily="zynq...]
Compiling architecture xilinx of entity xfft_v9_1_9.xfft_v9_1_9_d [\xfft_v9_1_9_d(c_xdevicefamily="...]
Compiling architecture synth of entity xfft_v9_1_9.xfft_v9_1_9_core [\xfft_v9_1_9_core(c_xdevicefamil...]
Compiling architecture synth of entity xfft_v9_1_9.xfft_v9_1_9_viv [\xfft_v9_1_9_viv(c_xdevicefamily...]
Compiling architecture xilinx of entity xfft_v9_1_9.xfft_v9_1_9 [\xfft_v9_1_9(c_xdevicefamily="zy...]
Compiling architecture xfft_0_arch of entity xil_defaultlib.xfft_0 [xfft_0_default]
Compiling architecture behavioral of entity xil_defaultlib.fft [fft_default]
Compiling architecture behavioral of entity xil_defaultlib.power_spectrum [\power_spectrum(sample_size=32,f...]
Compiling architecture behavioral of entity xil_defaultlib.filterbanks [\filterbanks(nmult=8)\]
Compiling architecture behavioral of entity xil_defaultlib.log_compute [\log_compute(num_coeffs=8)\]
Compiling architecture behavioral of entity xil_defaultlib.dct [dct_default]
Compiling architecture behavioral of entity xil_defaultlib.sin_lifter [sin_lifter_default]
Compiling architecture behavioral of entity xil_defaultlib.pipeline [pipeline_default]
Compiling architecture behavioral of entity xil_defaultlib.pipeline_tb
Built simulation snapshot pipeline_tb_behav
