Time resolution is 1 ps
Stopped at time : 100 ns : File "D:/Programming/TESI/MFCC_Blocks/MFCC_Blocks.srcs/sources_1/new/dct.vhd" Line 111
Note: 23040
Time: 100 ns  Iteration: 1  Process: /dct_tb/dct_block/line__98  File: D:/Programming/TESI/MFCC_Blocks/MFCC_Blocks.srcs/sources_1/new/dct.vhd
Note: 23040
Time: 100 ns  Iteration: 1  Process: /dct_tb/dct_block/line__98  File: D:/Programming/TESI/MFCC_Blocks/MFCC_Blocks.srcs/sources_1/new/dct.vhd
Note: 23040
Time: 100 ns  Iteration: 1  Process: /dct_tb/dct_block/line__98  File: D:/Programming/TESI/MFCC_Blocks/MFCC_Blocks.srcs/sources_1/new/dct.vhd
Note: 23040
Time: 100 ns  Iteration: 1  Process: /dct_tb/dct_block/line__98  File: D:/Programming/TESI/MFCC_Blocks/MFCC_Blocks.srcs/sources_1/new/dct.vhd
Note: 23040
Time: 300 ns  Iteration: 1  Process: /dct_tb/dct_block/line__98  File: D:/Programming/TESI/MFCC_Blocks/MFCC_Blocks.srcs/sources_1/new/dct.vhd
Note: 23040
Time: 300 ns  Iteration: 1  Process: /dct_tb/dct_block/line__98  File: D:/Programming/TESI/MFCC_Blocks/MFCC_Blocks.srcs/sources_1/new/dct.vhd
Note: 23040
Time: 300 ns  Iteration: 1  Process: /dct_tb/dct_block/line__98  File: D:/Programming/TESI/MFCC_Blocks/MFCC_Blocks.srcs/sources_1/new/dct.vhd
Note: 23040
Time: 300 ns  Iteration: 1  Process: /dct_tb/dct_block/line__98  File: D:/Programming/TESI/MFCC_Blocks/MFCC_Blocks.srcs/sources_1/new/dct.vhd
Note: 23040
Time: 500 ns  Iteration: 1  Process: /dct_tb/dct_block/line__98  File: D:/Programming/TESI/MFCC_Blocks/MFCC_Blocks.srcs/sources_1/new/dct.vhd
Note: 23040
Time: 500 ns  Iteration: 1  Process: /dct_tb/dct_block/line__98  File: D:/Programming/TESI/MFCC_Blocks/MFCC_Blocks.srcs/sources_1/new/dct.vhd
Note: 23040
Time: 500 ns  Iteration: 1  Process: /dct_tb/dct_block/line__98  File: D:/Programming/TESI/MFCC_Blocks/MFCC_Blocks.srcs/sources_1/new/dct.vhd
Note: 23040
Time: 500 ns  Iteration: 1  Process: /dct_tb/dct_block/line__98  File: D:/Programming/TESI/MFCC_Blocks/MFCC_Blocks.srcs/sources_1/new/dct.vhd
Note: 23040
Time: 700 ns  Iteration: 1  Process: /dct_tb/dct_block/line__98  File: D:/Programming/TESI/MFCC_Blocks/MFCC_Blocks.srcs/sources_1/new/dct.vhd
Note: 23040
Time: 700 ns  Iteration: 1  Process: /dct_tb/dct_block/line__98  File: D:/Programming/TESI/MFCC_Blocks/MFCC_Blocks.srcs/sources_1/new/dct.vhd
Note: 23040
Time: 700 ns  Iteration: 1  Process: /dct_tb/dct_block/line__98  File: D:/Programming/TESI/MFCC_Blocks/MFCC_Blocks.srcs/sources_1/new/dct.vhd
Note: 23040
Time: 700 ns  Iteration: 1  Process: /dct_tb/dct_block/line__98  File: D:/Programming/TESI/MFCC_Blocks/MFCC_Blocks.srcs/sources_1/new/dct.vhd
Note: 46080
Time: 900 ns  Iteration: 1  Process: /dct_tb/dct_block/line__98  File: D:/Programming/TESI/MFCC_Blocks/MFCC_Blocks.srcs/sources_1/new/dct.vhd
Note: 45056
Time: 900 ns  Iteration: 1  Process: /dct_tb/dct_block/line__98  File: D:/Programming/TESI/MFCC_Blocks/MFCC_Blocks.srcs/sources_1/new/dct.vhd
Note: 43264
Time: 900 ns  Iteration: 1  Process: /dct_tb/dct_block/line__98  File: D:/Programming/TESI/MFCC_Blocks/MFCC_Blocks.srcs/sources_1/new/dct.vhd
Note: 40704
Time: 900 ns  Iteration: 1  Process: /dct_tb/dct_block/line__98  File: D:/Programming/TESI/MFCC_Blocks/MFCC_Blocks.srcs/sources_1/new/dct.vhd
Note: 37632
Time: 1100 ns  Iteration: 1  Process: /dct_tb/dct_block/line__98  File: D:/Programming/TESI/MFCC_Blocks/MFCC_Blocks.srcs/sources_1/new/dct.vhd
Note: 33792
Time: 1100 ns  Iteration: 1  Process: /dct_tb/dct_block/line__98  File: D:/Programming/TESI/MFCC_Blocks/MFCC_Blocks.srcs/sources_1/new/dct.vhd
Note: 29696
Time: 1100 ns  Iteration: 1  Process: /dct_tb/dct_block/line__98  File: D:/Programming/TESI/MFCC_Blocks/MFCC_Blocks.srcs/sources_1/new/dct.vhd
Note: 25088
Time: 1100 ns  Iteration: 1  Process: /dct_tb/dct_block/line__98  File: D:/Programming/TESI/MFCC_Blocks/MFCC_Blocks.srcs/sources_1/new/dct.vhd
Note: 20992
Time: 1300 ns  Iteration: 1  Process: /dct_tb/dct_block/line__98  File: D:/Programming/TESI/MFCC_Blocks/MFCC_Blocks.srcs/sources_1/new/dct.vhd
Note: 16384
Time: 1300 ns  Iteration: 1  Process: /dct_tb/dct_block/line__98  File: D:/Programming/TESI/MFCC_Blocks/MFCC_Blocks.srcs/sources_1/new/dct.vhd
Note: 12288
Time: 1300 ns  Iteration: 1  Process: /dct_tb/dct_block/line__98  File: D:/Programming/TESI/MFCC_Blocks/MFCC_Blocks.srcs/sources_1/new/dct.vhd
Note: 8448
Time: 1300 ns  Iteration: 1  Process: /dct_tb/dct_block/line__98  File: D:/Programming/TESI/MFCC_Blocks/MFCC_Blocks.srcs/sources_1/new/dct.vhd
Note: 5376
Time: 1500 ns  Iteration: 1  Process: /dct_tb/dct_block/line__98  File: D:/Programming/TESI/MFCC_Blocks/MFCC_Blocks.srcs/sources_1/new/dct.vhd
Note: 2816
Time: 1500 ns  Iteration: 1  Process: /dct_tb/dct_block/line__98  File: D:/Programming/TESI/MFCC_Blocks/MFCC_Blocks.srcs/sources_1/new/dct.vhd
Note: 1024
Time: 1500 ns  Iteration: 1  Process: /dct_tb/dct_block/line__98  File: D:/Programming/TESI/MFCC_Blocks/MFCC_Blocks.srcs/sources_1/new/dct.vhd
Note: 0
Time: 1500 ns  Iteration: 1  Process: /dct_tb/dct_block/line__98  File: D:/Programming/TESI/MFCC_Blocks/MFCC_Blocks.srcs/sources_1/new/dct.vhd
Note: 68608
Time: 1700 ns  Iteration: 1  Process: /dct_tb/dct_block/line__98  File: D:/Programming/TESI/MFCC_Blocks/MFCC_Blocks.srcs/sources_1/new/dct.vhd
Note: 64256
Time: 1700 ns  Iteration: 1  Process: /dct_tb/dct_block/line__98  File: D:/Programming/TESI/MFCC_Blocks/MFCC_Blocks.srcs/sources_1/new/dct.vhd
Note: 56064
Time: 1700 ns  Iteration: 1  Process: /dct_tb/dct_block/line__98  File: D:/Programming/TESI/MFCC_Blocks/MFCC_Blocks.srcs/sources_1/new/dct.vhd
Note: 45056
Time: 1700 ns  Iteration: 1  Process: /dct_tb/dct_block/line__98  File: D:/Programming/TESI/MFCC_Blocks/MFCC_Blocks.srcs/sources_1/new/dct.vhd
Note: 33280
Time: 1900 ns  Iteration: 1  Process: /dct_tb/dct_block/line__98  File: D:/Programming/TESI/MFCC_Blocks/MFCC_Blocks.srcs/sources_1/new/dct.vhd
Note: 20992
Time: 1900 ns  Iteration: 1  Process: /dct_tb/dct_block/line__98  File: D:/Programming/TESI/MFCC_Blocks/MFCC_Blocks.srcs/sources_1/new/dct.vhd
Note: 10496
Time: 1900 ns  Iteration: 1  Process: /dct_tb/dct_block/line__98  File: D:/Programming/TESI/MFCC_Blocks/MFCC_Blocks.srcs/sources_1/new/dct.vhd
Note: 2560
Time: 1900 ns  Iteration: 1  Process: /dct_tb/dct_block/line__98  File: D:/Programming/TESI/MFCC_Blocks/MFCC_Blocks.srcs/sources_1/new/dct.vhd
Note: -1536
Time: 2100 ns  Iteration: 1  Process: /dct_tb/dct_block/line__98  File: D:/Programming/TESI/MFCC_Blocks/MFCC_Blocks.srcs/sources_1/new/dct.vhd
Note: -2816
Time: 2100 ns  Iteration: 1  Process: /dct_tb/dct_block/line__98  File: D:/Programming/TESI/MFCC_Blocks/MFCC_Blocks.srcs/sources_1/new/dct.vhd
Note: -512
Time: 2100 ns  Iteration: 1  Process: /dct_tb/dct_block/line__98  File: D:/Programming/TESI/MFCC_Blocks/MFCC_Blocks.srcs/sources_1/new/dct.vhd
Note: 4096
Time: 2100 ns  Iteration: 1  Process: /dct_tb/dct_block/line__98  File: D:/Programming/TESI/MFCC_Blocks/MFCC_Blocks.srcs/sources_1/new/dct.vhd
Note: 9728
Time: 2300 ns  Iteration: 1  Process: /dct_tb/dct_block/line__98  File: D:/Programming/TESI/MFCC_Blocks/MFCC_Blocks.srcs/sources_1/new/dct.vhd
Note: 15616
Time: 2300 ns  Iteration: 1  Process: /dct_tb/dct_block/line__98  File: D:/Programming/TESI/MFCC_Blocks/MFCC_Blocks.srcs/sources_1/new/dct.vhd
Note: 20224
Time: 2300 ns  Iteration: 1  Process: /dct_tb/dct_block/line__98  File: D:/Programming/TESI/MFCC_Blocks/MFCC_Blocks.srcs/sources_1/new/dct.vhd
Note: 22528
Time: 2300 ns  Iteration: 1  Process: /dct_tb/dct_block/line__98  File: D:/Programming/TESI/MFCC_Blocks/MFCC_Blocks.srcs/sources_1/new/dct.vhd
Note: 90624
Time: 2500 ns  Iteration: 1  Process: /dct_tb/dct_block/line__98  File: D:/Programming/TESI/MFCC_Blocks/MFCC_Blocks.srcs/sources_1/new/dct.vhd
Note: 78848
Time: 2500 ns  Iteration: 1  Process: /dct_tb/dct_block/line__98  File: D:/Programming/TESI/MFCC_Blocks/MFCC_Blocks.srcs/sources_1/new/dct.vhd
Note: 58112
Time: 2500 ns  Iteration: 1  Process: /dct_tb/dct_block/line__98  File: D:/Programming/TESI/MFCC_Blocks/MFCC_Blocks.srcs/sources_1/new/dct.vhd
Note: 34304
Time: 2500 ns  Iteration: 1  Process: /dct_tb/dct_block/line__98  File: D:/Programming/TESI/MFCC_Blocks/MFCC_Blocks.srcs/sources_1/new/dct.vhd
Note: 13056
Time: 2700 ns  Iteration: 1  Process: /dct_tb/dct_block/line__98  File: D:/Programming/TESI/MFCC_Blocks/MFCC_Blocks.srcs/sources_1/new/dct.vhd
Note: -2048
Time: 2700 ns  Iteration: 1  Process: /dct_tb/dct_block/line__98  File: D:/Programming/TESI/MFCC_Blocks/MFCC_Blocks.srcs/sources_1/new/dct.vhd
Note: -7168
Time: 2700 ns  Iteration: 1  Process: /dct_tb/dct_block/line__98  File: D:/Programming/TESI/MFCC_Blocks/MFCC_Blocks.srcs/sources_1/new/dct.vhd
Note: -4096
Time: 2700 ns  Iteration: 1  Process: /dct_tb/dct_block/line__98  File: D:/Programming/TESI/MFCC_Blocks/MFCC_Blocks.srcs/sources_1/new/dct.vhd
Note: 5120
Time: 2900 ns  Iteration: 1  Process: /dct_tb/dct_block/line__98  File: D:/Programming/TESI/MFCC_Blocks/MFCC_Blocks.srcs/sources_1/new/dct.vhd
Note: 14848
Time: 2900 ns  Iteration: 1  Process: /dct_tb/dct_block/line__98  File: D:/Programming/TESI/MFCC_Blocks/MFCC_Blocks.srcs/sources_1/new/dct.vhd
Note: 22528
Time: 2900 ns  Iteration: 1  Process: /dct_tb/dct_block/line__98  File: D:/Programming/TESI/MFCC_Blocks/MFCC_Blocks.srcs/sources_1/new/dct.vhd
Note: 24320
Time: 2900 ns  Iteration: 1  Process: /dct_tb/dct_block/line__98  File: D:/Programming/TESI/MFCC_Blocks/MFCC_Blocks.srcs/sources_1/new/dct.vhd
Note: 20480
Time: 3100 ns  Iteration: 1  Process: /dct_tb/dct_block/line__98  File: D:/Programming/TESI/MFCC_Blocks/MFCC_Blocks.srcs/sources_1/new/dct.vhd
Note: 13568
Time: 3100 ns  Iteration: 1  Process: /dct_tb/dct_block/line__98  File: D:/Programming/TESI/MFCC_Blocks/MFCC_Blocks.srcs/sources_1/new/dct.vhd
Note: 5632
Time: 3100 ns  Iteration: 1  Process: /dct_tb/dct_block/line__98  File: D:/Programming/TESI/MFCC_Blocks/MFCC_Blocks.srcs/sources_1/new/dct.vhd
Note: 512
Time: 3100 ns  Iteration: 1  Process: /dct_tb/dct_block/line__98  File: D:/Programming/TESI/MFCC_Blocks/MFCC_Blocks.srcs/sources_1/new/dct.vhd
Note: 111872
Time: 3300 ns  Iteration: 1  Process: /dct_tb/dct_block/line__98  File: D:/Programming/TESI/MFCC_Blocks/MFCC_Blocks.srcs/sources_1/new/dct.vhd
Note: 87552
Time: 3300 ns  Iteration: 1  Process: /dct_tb/dct_block/line__98  File: D:/Programming/TESI/MFCC_Blocks/MFCC_Blocks.srcs/sources_1/new/dct.vhd
Note: 49408
Time: 3300 ns  Iteration: 1  Process: /dct_tb/dct_block/line__98  File: D:/Programming/TESI/MFCC_Blocks/MFCC_Blocks.srcs/sources_1/new/dct.vhd
Note: 13056
Time: 3300 ns  Iteration: 1  Process: /dct_tb/dct_block/line__98  File: D:/Programming/TESI/MFCC_Blocks/MFCC_Blocks.srcs/sources_1/new/dct.vhd
Note: -8192
Time: 3500 ns  Iteration: 1  Process: /dct_tb/dct_block/line__98  File: D:/Programming/TESI/MFCC_Blocks/MFCC_Blocks.srcs/sources_1/new/dct.vhd
Note: -10752
Time: 3500 ns  Iteration: 1  Process: /dct_tb/dct_block/line__98  File: D:/Programming/TESI/MFCC_Blocks/MFCC_Blocks.srcs/sources_1/new/dct.vhd
Note: 1536
Time: 3500 ns  Iteration: 1  Process: /dct_tb/dct_block/line__98  File: D:/Programming/TESI/MFCC_Blocks/MFCC_Blocks.srcs/sources_1/new/dct.vhd
Note: 17152
Time: 3500 ns  Iteration: 1  Process: /dct_tb/dct_block/line__98  File: D:/Programming/TESI/MFCC_Blocks/MFCC_Blocks.srcs/sources_1/new/dct.vhd
Note: 26368
Time: 3700 ns  Iteration: 1  Process: /dct_tb/dct_block/line__98  File: D:/Programming/TESI/MFCC_Blocks/MFCC_Blocks.srcs/sources_1/new/dct.vhd
Note: 23552
Time: 3700 ns  Iteration: 1  Process: /dct_tb/dct_block/line__98  File: D:/Programming/TESI/MFCC_Blocks/MFCC_Blocks.srcs/sources_1/new/dct.vhd
Note: 13824
Time: 3700 ns  Iteration: 1  Process: /dct_tb/dct_block/line__98  File: D:/Programming/TESI/MFCC_Blocks/MFCC_Blocks.srcs/sources_1/new/dct.vhd
Note: 3072
Time: 3700 ns  Iteration: 1  Process: /dct_tb/dct_block/line__98  File: D:/Programming/TESI/MFCC_Blocks/MFCC_Blocks.srcs/sources_1/new/dct.vhd
Note: -768
Time: 3900 ns  Iteration: 1  Process: /dct_tb/dct_block/line__98  File: D:/Programming/TESI/MFCC_Blocks/MFCC_Blocks.srcs/sources_1/new/dct.vhd
Note: 4864
Time: 3900 ns  Iteration: 1  Process: /dct_tb/dct_block/line__98  File: D:/Programming/TESI/MFCC_Blocks/MFCC_Blocks.srcs/sources_1/new/dct.vhd
Note: 14336
Time: 3900 ns  Iteration: 1  Process: /dct_tb/dct_block/line__98  File: D:/Programming/TESI/MFCC_Blocks/MFCC_Blocks.srcs/sources_1/new/dct.vhd
Note: 21760
Time: 3900 ns  Iteration: 1  Process: /dct_tb/dct_block/line__98  File: D:/Programming/TESI/MFCC_Blocks/MFCC_Blocks.srcs/sources_1/new/dct.vhd
Note: 132096
Time: 4100 ns  Iteration: 1  Process: /dct_tb/dct_block/line__98  File: D:/Programming/TESI/MFCC_Blocks/MFCC_Blocks.srcs/sources_1/new/dct.vhd
Note: 89600
Time: 4100 ns  Iteration: 1  Process: /dct_tb/dct_block/line__98  File: D:/Programming/TESI/MFCC_Blocks/MFCC_Blocks.srcs/sources_1/new/dct.vhd
Note: 31744
Time: 4100 ns  Iteration: 1  Process: /dct_tb/dct_block/line__98  File: D:/Programming/TESI/MFCC_Blocks/MFCC_Blocks.srcs/sources_1/new/dct.vhd
Note: -8960
Time: 4100 ns  Iteration: 1  Process: /dct_tb/dct_block/line__98  File: D:/Programming/TESI/MFCC_Blocks/MFCC_Blocks.srcs/sources_1/new/dct.vhd
Note: -14848
Time: 4300 ns  Iteration: 1  Process: /dct_tb/dct_block/line__98  File: D:/Programming/TESI/MFCC_Blocks/MFCC_Blocks.srcs/sources_1/new/dct.vhd
Note: 3840
Time: 4300 ns  Iteration: 1  Process: /dct_tb/dct_block/line__98  File: D:/Programming/TESI/MFCC_Blocks/MFCC_Blocks.srcs/sources_1/new/dct.vhd
Note: 24576
Time: 4300 ns  Iteration: 1  Process: /dct_tb/dct_block/line__98  File: D:/Programming/TESI/MFCC_Blocks/MFCC_Blocks.srcs/sources_1/new/dct.vhd
Note: 27904
Time: 4300 ns  Iteration: 1  Process: /dct_tb/dct_block/line__98  File: D:/Programming/TESI/MFCC_Blocks/MFCC_Blocks.srcs/sources_1/new/dct.vhd
Note: 15616
Time: 4500 ns  Iteration: 1  Process: /dct_tb/dct_block/line__98  File: D:/Programming/TESI/MFCC_Blocks/MFCC_Blocks.srcs/sources_1/new/dct.vhd
Note: 512
Time: 4500 ns  Iteration: 1  Process: /dct_tb/dct_block/line__98  File: D:/Programming/TESI/MFCC_Blocks/MFCC_Blocks.srcs/sources_1/new/dct.vhd
Note: -768
Time: 4500 ns  Iteration: 1  Process: /dct_tb/dct_block/line__98  File: D:/Programming/TESI/MFCC_Blocks/MFCC_Blocks.srcs/sources_1/new/dct.vhd
Note: 9728
Time: 4500 ns  Iteration: 1  Process: /dct_tb/dct_block/line__98  File: D:/Programming/TESI/MFCC_Blocks/MFCC_Blocks.srcs/sources_1/new/dct.vhd
Note: 21248
Time: 4700 ns  Iteration: 1  Process: /dct_tb/dct_block/line__98  File: D:/Programming/TESI/MFCC_Blocks/MFCC_Blocks.srcs/sources_1/new/dct.vhd
Note: 22528
Time: 4700 ns  Iteration: 1  Process: /dct_tb/dct_block/line__98  File: D:/Programming/TESI/MFCC_Blocks/MFCC_Blocks.srcs/sources_1/new/dct.vhd
Note: 12288
Time: 4700 ns  Iteration: 1  Process: /dct_tb/dct_block/line__98  File: D:/Programming/TESI/MFCC_Blocks/MFCC_Blocks.srcs/sources_1/new/dct.vhd
Note: 1536
Time: 4700 ns  Iteration: 1  Process: /dct_tb/dct_block/line__98  File: D:/Programming/TESI/MFCC_Blocks/MFCC_Blocks.srcs/sources_1/new/dct.vhd
Note: 151296
Time: 4900 ns  Iteration: 1  Process: /dct_tb/dct_block/line__98  File: D:/Programming/TESI/MFCC_Blocks/MFCC_Blocks.srcs/sources_1/new/dct.vhd
Note: 85248
Time: 4900 ns  Iteration: 1  Process: /dct_tb/dct_block/line__98  File: D:/Programming/TESI/MFCC_Blocks/MFCC_Blocks.srcs/sources_1/new/dct.vhd
Note: 9216
Time: 4900 ns  Iteration: 1  Process: /dct_tb/dct_block/line__98  File: D:/Programming/TESI/MFCC_Blocks/MFCC_Blocks.srcs/sources_1/new/dct.vhd
Note: -21760
Time: 4900 ns  Iteration: 1  Process: /dct_tb/dct_block/line__98  File: D:/Programming/TESI/MFCC_Blocks/MFCC_Blocks.srcs/sources_1/new/dct.vhd
Note: -2048
Time: 5100 ns  Iteration: 1  Process: /dct_tb/dct_block/line__98  File: D:/Programming/TESI/MFCC_Blocks/MFCC_Blocks.srcs/sources_1/new/dct.vhd
Note: 26368
Time: 5100 ns  Iteration: 1  Process: /dct_tb/dct_block/line__98  File: D:/Programming/TESI/MFCC_Blocks/MFCC_Blocks.srcs/sources_1/new/dct.vhd
Note: 28928
Time: 5100 ns  Iteration: 1  Process: /dct_tb/dct_block/line__98  File: D:/Programming/TESI/MFCC_Blocks/MFCC_Blocks.srcs/sources_1/new/dct.vhd
Note: 8704
Time: 5100 ns  Iteration: 1  Process: /dct_tb/dct_block/line__98  File: D:/Programming/TESI/MFCC_Blocks/MFCC_Blocks.srcs/sources_1/new/dct.vhd
Note: -3584
Time: 5300 ns  Iteration: 1  Process: /dct_tb/dct_block/line__98  File: D:/Programming/TESI/MFCC_Blocks/MFCC_Blocks.srcs/sources_1/new/dct.vhd
Note: 4864
Time: 5300 ns  Iteration: 1  Process: /dct_tb/dct_block/line__98  File: D:/Programming/TESI/MFCC_Blocks/MFCC_Blocks.srcs/sources_1/new/dct.vhd
Note: 21760
Time: 5300 ns  Iteration: 1  Process: /dct_tb/dct_block/line__98  File: D:/Programming/TESI/MFCC_Blocks/MFCC_Blocks.srcs/sources_1/new/dct.vhd
Note: 22528
Time: 5300 ns  Iteration: 1  Process: /dct_tb/dct_block/line__98  File: D:/Programming/TESI/MFCC_Blocks/MFCC_Blocks.srcs/sources_1/new/dct.vhd
Note: 8448
Time: 5500 ns  Iteration: 1  Process: /dct_tb/dct_block/line__98  File: D:/Programming/TESI/MFCC_Blocks/MFCC_Blocks.srcs/sources_1/new/dct.vhd
Note: 0
Time: 5500 ns  Iteration: 1  Process: /dct_tb/dct_block/line__98  File: D:/Programming/TESI/MFCC_Blocks/MFCC_Blocks.srcs/sources_1/new/dct.vhd
Note: 7936
Time: 5500 ns  Iteration: 1  Process: /dct_tb/dct_block/line__98  File: D:/Programming/TESI/MFCC_Blocks/MFCC_Blocks.srcs/sources_1/new/dct.vhd
Note: 20736
Time: 5500 ns  Iteration: 1  Process: /dct_tb/dct_block/line__98  File: D:/Programming/TESI/MFCC_Blocks/MFCC_Blocks.srcs/sources_1/new/dct.vhd
Note: 168960
Time: 5700 ns  Iteration: 1  Process: /dct_tb/dct_block/line__98  File: D:/Programming/TESI/MFCC_Blocks/MFCC_Blocks.srcs/sources_1/new/dct.vhd
Note: 74496
Time: 5700 ns  Iteration: 1  Process: /dct_tb/dct_block/line__98  File: D:/Programming/TESI/MFCC_Blocks/MFCC_Blocks.srcs/sources_1/new/dct.vhd
Note: -12800
Time: 5700 ns  Iteration: 1  Process: /dct_tb/dct_block/line__98  File: D:/Programming/TESI/MFCC_Blocks/MFCC_Blocks.srcs/sources_1/new/dct.vhd
Note: -19712
Time: 5700 ns  Iteration: 1  Process: /dct_tb/dct_block/line__98  File: D:/Programming/TESI/MFCC_Blocks/MFCC_Blocks.srcs/sources_1/new/dct.vhd
Note: 20992
Time: 5900 ns  Iteration: 1  Process: /dct_tb/dct_block/line__98  File: D:/Programming/TESI/MFCC_Blocks/MFCC_Blocks.srcs/sources_1/new/dct.vhd
Note: 33024
Time: 5900 ns  Iteration: 1  Process: /dct_tb/dct_block/line__98  File: D:/Programming/TESI/MFCC_Blocks/MFCC_Blocks.srcs/sources_1/new/dct.vhd
Note: 8704
Time: 5900 ns  Iteration: 1  Process: /dct_tb/dct_block/line__98  File: D:/Programming/TESI/MFCC_Blocks/MFCC_Blocks.srcs/sources_1/new/dct.vhd
Note: -5888
Time: 5900 ns  Iteration: 1  Process: /dct_tb/dct_block/line__98  File: D:/Programming/TESI/MFCC_Blocks/MFCC_Blocks.srcs/sources_1/new/dct.vhd
Note: 11008
Time: 6100 ns  Iteration: 1  Process: /dct_tb/dct_block/line__98  File: D:/Programming/TESI/MFCC_Blocks/MFCC_Blocks.srcs/sources_1/new/dct.vhd
Note: 25088
Time: 6100 ns  Iteration: 1  Process: /dct_tb/dct_block/line__98  File: D:/Programming/TESI/MFCC_Blocks/MFCC_Blocks.srcs/sources_1/new/dct.vhd
Note: 15104
Time: 6100 ns  Iteration: 1  Process: /dct_tb/dct_block/line__98  File: D:/Programming/TESI/MFCC_Blocks/MFCC_Blocks.srcs/sources_1/new/dct.vhd
Note: -512
Time: 6100 ns  Iteration: 1  Process: /dct_tb/dct_block/line__98  File: D:/Programming/TESI/MFCC_Blocks/MFCC_Blocks.srcs/sources_1/new/dct.vhd
Note: 6400
Time: 6300 ns  Iteration: 1  Process: /dct_tb/dct_block/line__98  File: D:/Programming/TESI/MFCC_Blocks/MFCC_Blocks.srcs/sources_1/new/dct.vhd
Note: 22016
Time: 6300 ns  Iteration: 1  Process: /dct_tb/dct_block/line__98  File: D:/Programming/TESI/MFCC_Blocks/MFCC_Blocks.srcs/sources_1/new/dct.vhd
Note: 18688
Time: 6300 ns  Iteration: 1  Process: /dct_tb/dct_block/line__98  File: D:/Programming/TESI/MFCC_Blocks/MFCC_Blocks.srcs/sources_1/new/dct.vhd
Note: 3072
Time: 6300 ns  Iteration: 1  Process: /dct_tb/dct_block/line__98  File: D:/Programming/TESI/MFCC_Blocks/MFCC_Blocks.srcs/sources_1/new/dct.vhd
Note: 185344
Time: 6500 ns  Iteration: 1  Process: /dct_tb/dct_block/line__98  File: D:/Programming/TESI/MFCC_Blocks/MFCC_Blocks.srcs/sources_1/new/dct.vhd
Note: 58368
Time: 6500 ns  Iteration: 1  Process: /dct_tb/dct_block/line__98  File: D:/Programming/TESI/MFCC_Blocks/MFCC_Blocks.srcs/sources_1/new/dct.vhd
Note: -29184
Time: 6500 ns  Iteration: 1  Process: /dct_tb/dct_block/line__98  File: D:/Programming/TESI/MFCC_Blocks/MFCC_Blocks.srcs/sources_1/new/dct.vhd
Note: -3584
Time: 6500 ns  Iteration: 1  Process: /dct_tb/dct_block/line__98  File: D:/Programming/TESI/MFCC_Blocks/MFCC_Blocks.srcs/sources_1/new/dct.vhd
Note: 37376
Time: 6700 ns  Iteration: 1  Process: /dct_tb/dct_block/line__98  File: D:/Programming/TESI/MFCC_Blocks/MFCC_Blocks.srcs/sources_1/new/dct.vhd
Note: 16896
Time: 6700 ns  Iteration: 1  Process: /dct_tb/dct_block/line__98  File: D:/Programming/TESI/MFCC_Blocks/MFCC_Blocks.srcs/sources_1/new/dct.vhd
Note: -7680
Time: 6700 ns  Iteration: 1  Process: /dct_tb/dct_block/line__98  File: D:/Programming/TESI/MFCC_Blocks/MFCC_Blocks.srcs/sources_1/new/dct.vhd
Note: 10240
Time: 6700 ns  Iteration: 1  Process: /dct_tb/dct_block/line__98  File: D:/Programming/TESI/MFCC_Blocks/MFCC_Blocks.srcs/sources_1/new/dct.vhd
Note: 27392
Time: 6900 ns  Iteration: 1  Process: /dct_tb/dct_block/line__98  File: D:/Programming/TESI/MFCC_Blocks/MFCC_Blocks.srcs/sources_1/new/dct.vhd
Note: 8960
Time: 6900 ns  Iteration: 1  Process: /dct_tb/dct_block/line__98  File: D:/Programming/TESI/MFCC_Blocks/MFCC_Blocks.srcs/sources_1/new/dct.vhd
Note: -1280
Time: 6900 ns  Iteration: 1  Process: /dct_tb/dct_block/line__98  File: D:/Programming/TESI/MFCC_Blocks/MFCC_Blocks.srcs/sources_1/new/dct.vhd
Note: 15616
Time: 6900 ns  Iteration: 1  Process: /dct_tb/dct_block/line__98  File: D:/Programming/TESI/MFCC_Blocks/MFCC_Blocks.srcs/sources_1/new/dct.vhd
Note: 22784
Time: 7100 ns  Iteration: 1  Process: /dct_tb/dct_block/line__98  File: D:/Programming/TESI/MFCC_Blocks/MFCC_Blocks.srcs/sources_1/new/dct.vhd
Note: 5888
Time: 7100 ns  Iteration: 1  Process: /dct_tb/dct_block/line__98  File: D:/Programming/TESI/MFCC_Blocks/MFCC_Blocks.srcs/sources_1/new/dct.vhd
Note: 2304
Time: 7100 ns  Iteration: 1  Process: /dct_tb/dct_block/line__98  File: D:/Programming/TESI/MFCC_Blocks/MFCC_Blocks.srcs/sources_1/new/dct.vhd
Note: 19200
Time: 7100 ns  Iteration: 1  Process: /dct_tb/dct_block/line__98  File: D:/Programming/TESI/MFCC_Blocks/MFCC_Blocks.srcs/sources_1/new/dct.vhd
Note: 199936
Time: 7300 ns  Iteration: 1  Process: /dct_tb/dct_block/line__98  File: D:/Programming/TESI/MFCC_Blocks/MFCC_Blocks.srcs/sources_1/new/dct.vhd
Note: 38144
Time: 7300 ns  Iteration: 1  Process: /dct_tb/dct_block/line__98  File: D:/Programming/TESI/MFCC_Blocks/MFCC_Blocks.srcs/sources_1/new/dct.vhd
Note: -35840
Time: 7300 ns  Iteration: 1  Process: /dct_tb/dct_block/line__98  File: D:/Programming/TESI/MFCC_Blocks/MFCC_Blocks.srcs/sources_1/new/dct.vhd
Note: 19456
Time: 7300 ns  Iteration: 1  Process: /dct_tb/dct_block/line__98  File: D:/Programming/TESI/MFCC_Blocks/MFCC_Blocks.srcs/sources_1/new/dct.vhd
Note: 35328
Time: 7500 ns  Iteration: 1  Process: /dct_tb/dct_block/line__98  File: D:/Programming/TESI/MFCC_Blocks/MFCC_Blocks.srcs/sources_1/new/dct.vhd
Note: -5120
Time: 7500 ns  Iteration: 1  Process: /dct_tb/dct_block/line__98  File: D:/Programming/TESI/MFCC_Blocks/MFCC_Blocks.srcs/sources_1/new/dct.vhd
Note: 3072
Time: 7500 ns  Iteration: 1  Process: /dct_tb/dct_block/line__98  File: D:/Programming/TESI/MFCC_Blocks/MFCC_Blocks.srcs/sources_1/new/dct.vhd
Note: 27904
Time: 7500 ns  Iteration: 1  Process: /dct_tb/dct_block/line__98  File: D:/Programming/TESI/MFCC_Blocks/MFCC_Blocks.srcs/sources_1/new/dct.vhd
Note: 9728
Time: 7700 ns  Iteration: 1  Process: /dct_tb/dct_block/line__98  File: D:/Programming/TESI/MFCC_Blocks/MFCC_Blocks.srcs/sources_1/new/dct.vhd
Note: -1792
Time: 7700 ns  Iteration: 1  Process: /dct_tb/dct_block/line__98  File: D:/Programming/TESI/MFCC_Blocks/MFCC_Blocks.srcs/sources_1/new/dct.vhd
Note: 20736
Time: 7700 ns  Iteration: 1  Process: /dct_tb/dct_block/line__98  File: D:/Programming/TESI/MFCC_Blocks/MFCC_Blocks.srcs/sources_1/new/dct.vhd
Note: 17664
Time: 7700 ns  Iteration: 1  Process: /dct_tb/dct_block/line__98  File: D:/Programming/TESI/MFCC_Blocks/MFCC_Blocks.srcs/sources_1/new/dct.vhd
Note: -256
Time: 7900 ns  Iteration: 1  Process: /dct_tb/dct_block/line__98  File: D:/Programming/TESI/MFCC_Blocks/MFCC_Blocks.srcs/sources_1/new/dct.vhd
Note: 12544
Time: 7900 ns  Iteration: 1  Process: /dct_tb/dct_block/line__98  File: D:/Programming/TESI/MFCC_Blocks/MFCC_Blocks.srcs/sources_1/new/dct.vhd
Note: 22528
Time: 7900 ns  Iteration: 1  Process: /dct_tb/dct_block/line__98  File: D:/Programming/TESI/MFCC_Blocks/MFCC_Blocks.srcs/sources_1/new/dct.vhd
Note: 4608
Time: 7900 ns  Iteration: 1  Process: /dct_tb/dct_block/line__98  File: D:/Programming/TESI/MFCC_Blocks/MFCC_Blocks.srcs/sources_1/new/dct.vhd
Note: 212736
Time: 8100 ns  Iteration: 1  Process: /dct_tb/dct_block/line__98  File: D:/Programming/TESI/MFCC_Blocks/MFCC_Blocks.srcs/sources_1/new/dct.vhd
Note: 15616
Time: 8100 ns  Iteration: 1  Process: /dct_tb/dct_block/line__98  File: D:/Programming/TESI/MFCC_Blocks/MFCC_Blocks.srcs/sources_1/new/dct.vhd
Note: -31488
Time: 8100 ns  Iteration: 1  Process: /dct_tb/dct_block/line__98  File: D:/Programming/TESI/MFCC_Blocks/MFCC_Blocks.srcs/sources_1/new/dct.vhd
Note: 38656
Time: 8100 ns  Iteration: 1  Process: /dct_tb/dct_block/line__98  File: D:/Programming/TESI/MFCC_Blocks/MFCC_Blocks.srcs/sources_1/new/dct.vhd
Note: 16128
Time: 8300 ns  Iteration: 1  Process: /dct_tb/dct_block/line__98  File: D:/Programming/TESI/MFCC_Blocks/MFCC_Blocks.srcs/sources_1/new/dct.vhd
Note: -9472
Time: 8300 ns  Iteration: 1  Process: /dct_tb/dct_block/line__98  File: D:/Programming/TESI/MFCC_Blocks/MFCC_Blocks.srcs/sources_1/new/dct.vhd
Note: 25600
Time: 8300 ns  Iteration: 1  Process: /dct_tb/dct_block/line__98  File: D:/Programming/TESI/MFCC_Blocks/MFCC_Blocks.srcs/sources_1/new/dct.vhd
Note: 15104
Time: 8300 ns  Iteration: 1  Process: /dct_tb/dct_block/line__98  File: D:/Programming/TESI/MFCC_Blocks/MFCC_Blocks.srcs/sources_1/new/dct.vhd
Note: -3072
Time: 8500 ns  Iteration: 1  Process: /dct_tb/dct_block/line__98  File: D:/Programming/TESI/MFCC_Blocks/MFCC_Blocks.srcs/sources_1/new/dct.vhd
Note: 20736
Time: 8500 ns  Iteration: 1  Process: /dct_tb/dct_block/line__98  File: D:/Programming/TESI/MFCC_Blocks/MFCC_Blocks.srcs/sources_1/new/dct.vhd
Note: 16384
Time: 8500 ns  Iteration: 1  Process: /dct_tb/dct_block/line__98  File: D:/Programming/TESI/MFCC_Blocks/MFCC_Blocks.srcs/sources_1/new/dct.vhd
Note: -1536
Time: 8500 ns  Iteration: 1  Process: /dct_tb/dct_block/line__98  File: D:/Programming/TESI/MFCC_Blocks/MFCC_Blocks.srcs/sources_1/new/dct.vhd
Note: 18944
Time: 8700 ns  Iteration: 1  Process: /dct_tb/dct_block/line__98  File: D:/Programming/TESI/MFCC_Blocks/MFCC_Blocks.srcs/sources_1/new/dct.vhd
Note: 16896
Time: 8700 ns  Iteration: 1  Process: /dct_tb/dct_block/line__98  File: D:/Programming/TESI/MFCC_Blocks/MFCC_Blocks.srcs/sources_1/new/dct.vhd
Note: 0
Time: 8700 ns  Iteration: 1  Process: /dct_tb/dct_block/line__98  File: D:/Programming/TESI/MFCC_Blocks/MFCC_Blocks.srcs/sources_1/new/dct.vhd
Note: 17408
Time: 8700 ns  Iteration: 1  Process: /dct_tb/dct_block/line__98  File: D:/Programming/TESI/MFCC_Blocks/MFCC_Blocks.srcs/sources_1/new/dct.vhd
Note: 223488
Time: 8900 ns  Iteration: 1  Process: /dct_tb/dct_block/line__98  File: D:/Programming/TESI/MFCC_Blocks/MFCC_Blocks.srcs/sources_1/new/dct.vhd
Note: -7424
Time: 8900 ns  Iteration: 1  Process: /dct_tb/dct_block/line__98  File: D:/Programming/TESI/MFCC_Blocks/MFCC_Blocks.srcs/sources_1/new/dct.vhd
Note: -16896
Time: 8900 ns  Iteration: 1  Process: /dct_tb/dct_block/line__98  File: D:/Programming/TESI/MFCC_Blocks/MFCC_Blocks.srcs/sources_1/new/dct.vhd
Note: 45312
Time: 8900 ns  Iteration: 1  Process: /dct_tb/dct_block/line__98  File: D:/Programming/TESI/MFCC_Blocks/MFCC_Blocks.srcs/sources_1/new/dct.vhd
Note: -5888
Time: 9100 ns  Iteration: 1  Process: /dct_tb/dct_block/line__98  File: D:/Programming/TESI/MFCC_Blocks/MFCC_Blocks.srcs/sources_1/new/dct.vhd
Note: 8192
Time: 9100 ns  Iteration: 1  Process: /dct_tb/dct_block/line__98  File: D:/Programming/TESI/MFCC_Blocks/MFCC_Blocks.srcs/sources_1/new/dct.vhd
Note: 27648
Time: 9100 ns  Iteration: 1  Process: /dct_tb/dct_block/line__98  File: D:/Programming/TESI/MFCC_Blocks/MFCC_Blocks.srcs/sources_1/new/dct.vhd
Note: -5120
Time: 9100 ns  Iteration: 1  Process: /dct_tb/dct_block/line__98  File: D:/Programming/TESI/MFCC_Blocks/MFCC_Blocks.srcs/sources_1/new/dct.vhd
Note: 17152
Time: 9300 ns  Iteration: 1  Process: /dct_tb/dct_block/line__98  File: D:/Programming/TESI/MFCC_Blocks/MFCC_Blocks.srcs/sources_1/new/dct.vhd
Note: 18688
Time: 9300 ns  Iteration: 1  Process: /dct_tb/dct_block/line__98  File: D:/Programming/TESI/MFCC_Blocks/MFCC_Blocks.srcs/sources_1/new/dct.vhd
Note: -1280
Time: 9300 ns  Iteration: 1  Process: /dct_tb/dct_block/line__98  File: D:/Programming/TESI/MFCC_Blocks/MFCC_Blocks.srcs/sources_1/new/dct.vhd
Note: 20480
Time: 9300 ns  Iteration: 1  Process: /dct_tb/dct_block/line__98  File: D:/Programming/TESI/MFCC_Blocks/MFCC_Blocks.srcs/sources_1/new/dct.vhd
Note: 12288
Time: 9500 ns  Iteration: 1  Process: /dct_tb/dct_block/line__98  File: D:/Programming/TESI/MFCC_Blocks/MFCC_Blocks.srcs/sources_1/new/dct.vhd
Note: 2304
Time: 9500 ns  Iteration: 1  Process: /dct_tb/dct_block/line__98  File: D:/Programming/TESI/MFCC_Blocks/MFCC_Blocks.srcs/sources_1/new/dct.vhd
Note: 23040
Time: 9500 ns  Iteration: 1  Process: /dct_tb/dct_block/line__98  File: D:/Programming/TESI/MFCC_Blocks/MFCC_Blocks.srcs/sources_1/new/dct.vhd
Note: 6656
Time: 9500 ns  Iteration: 1  Process: /dct_tb/dct_block/line__98  File: D:/Programming/TESI/MFCC_Blocks/MFCC_Blocks.srcs/sources_1/new/dct.vhd
Note: 232192
Time: 9700 ns  Iteration: 1  Process: /dct_tb/dct_block/line__98  File: D:/Programming/TESI/MFCC_Blocks/MFCC_Blocks.srcs/sources_1/new/dct.vhd
Note: -28672
Time: 9700 ns  Iteration: 1  Process: /dct_tb/dct_block/line__98  File: D:/Programming/TESI/MFCC_Blocks/MFCC_Blocks.srcs/sources_1/new/dct.vhd
Note: 4352
Time: 9700 ns  Iteration: 1  Process: /dct_tb/dct_block/line__98  File: D:/Programming/TESI/MFCC_Blocks/MFCC_Blocks.srcs/sources_1/new/dct.vhd
Note: 36608
Time: 9700 ns  Iteration: 1  Process: /dct_tb/dct_block/line__98  File: D:/Programming/TESI/MFCC_Blocks/MFCC_Blocks.srcs/sources_1/new/dct.vhd
Note: -14592
Time: 9900 ns  Iteration: 1  Process: /dct_tb/dct_block/line__98  File: D:/Programming/TESI/MFCC_Blocks/MFCC_Blocks.srcs/sources_1/new/dct.vhd
Note: 29440
Time: 9900 ns  Iteration: 1  Process: /dct_tb/dct_block/line__98  File: D:/Programming/TESI/MFCC_Blocks/MFCC_Blocks.srcs/sources_1/new/dct.vhd
Note: 6400
Time: 9900 ns  Iteration: 1  Process: /dct_tb/dct_block/line__98  File: D:/Programming/TESI/MFCC_Blocks/MFCC_Blocks.srcs/sources_1/new/dct.vhd
Note: 3584
Time: 9900 ns  Iteration: 1  Process: /dct_tb/dct_block/line__98  File: D:/Programming/TESI/MFCC_Blocks/MFCC_Blocks.srcs/sources_1/new/dct.vhd
Note: 25856
Time: 10100 ns  Iteration: 1  Process: /dct_tb/dct_block/line__98  File: D:/Programming/TESI/MFCC_Blocks/MFCC_Blocks.srcs/sources_1/new/dct.vhd
Note: -2560
Time: 10100 ns  Iteration: 1  Process: /dct_tb/dct_block/line__98  File: D:/Programming/TESI/MFCC_Blocks/MFCC_Blocks.srcs/sources_1/new/dct.vhd
Note: 19968
Time: 10100 ns  Iteration: 1  Process: /dct_tb/dct_block/line__98  File: D:/Programming/TESI/MFCC_Blocks/MFCC_Blocks.srcs/sources_1/new/dct.vhd
Note: 11776
Time: 10100 ns  Iteration: 1  Process: /dct_tb/dct_block/line__98  File: D:/Programming/TESI/MFCC_Blocks/MFCC_Blocks.srcs/sources_1/new/dct.vhd
Note: 3584
Time: 10300 ns  Iteration: 1  Process: /dct_tb/dct_block/line__98  File: D:/Programming/TESI/MFCC_Blocks/MFCC_Blocks.srcs/sources_1/new/dct.vhd
Note: 23552
Time: 10300 ns  Iteration: 1  Process: /dct_tb/dct_block/line__98  File: D:/Programming/TESI/MFCC_Blocks/MFCC_Blocks.srcs/sources_1/new/dct.vhd
Note: 1792
Time: 10300 ns  Iteration: 1  Process: /dct_tb/dct_block/line__98  File: D:/Programming/TESI/MFCC_Blocks/MFCC_Blocks.srcs/sources_1/new/dct.vhd
Note: 15360
Time: 10300 ns  Iteration: 1  Process: /dct_tb/dct_block/line__98  File: D:/Programming/TESI/MFCC_Blocks/MFCC_Blocks.srcs/sources_1/new/dct.vhd
Note: 238848
Time: 10500 ns  Iteration: 1  Process: /dct_tb/dct_block/line__98  File: D:/Programming/TESI/MFCC_Blocks/MFCC_Blocks.srcs/sources_1/new/dct.vhd
Note: -46336
Time: 10500 ns  Iteration: 1  Process: /dct_tb/dct_block/line__98  File: D:/Programming/TESI/MFCC_Blocks/MFCC_Blocks.srcs/sources_1/new/dct.vhd
Note: 27392
Time: 10500 ns  Iteration: 1  Process: /dct_tb/dct_block/line__98  File: D:/Programming/TESI/MFCC_Blocks/MFCC_Blocks.srcs/sources_1/new/dct.vhd
Note: 16384
Time: 10500 ns  Iteration: 1  Process: /dct_tb/dct_block/line__98  File: D:/Programming/TESI/MFCC_Blocks/MFCC_Blocks.srcs/sources_1/new/dct.vhd
Note: -3840
Time: 10700 ns  Iteration: 1  Process: /dct_tb/dct_block/line__98  File: D:/Programming/TESI/MFCC_Blocks/MFCC_Blocks.srcs/sources_1/new/dct.vhd
Note: 31488
Time: 10700 ns  Iteration: 1  Process: /dct_tb/dct_block/line__98  File: D:/Programming/TESI/MFCC_Blocks/MFCC_Blocks.srcs/sources_1/new/dct.vhd
Note: -8192
Time: 10700 ns  Iteration: 1  Process: /dct_tb/dct_block/line__98  File: D:/Programming/TESI/MFCC_Blocks/MFCC_Blocks.srcs/sources_1/new/dct.vhd
Note: 25600
Time: 10700 ns  Iteration: 1  Process: /dct_tb/dct_block/line__98  File: D:/Programming/TESI/MFCC_Blocks/MFCC_Blocks.srcs/sources_1/new/dct.vhd
Note: 3840
Time: 10900 ns  Iteration: 1  Process: /dct_tb/dct_block/line__98  File: D:/Programming/TESI/MFCC_Blocks/MFCC_Blocks.srcs/sources_1/new/dct.vhd
Note: 12032
Time: 10900 ns  Iteration: 1  Process: /dct_tb/dct_block/line__98  File: D:/Programming/TESI/MFCC_Blocks/MFCC_Blocks.srcs/sources_1/new/dct.vhd
Note: 17920
Time: 10900 ns  Iteration: 1  Process: /dct_tb/dct_block/line__98  File: D:/Programming/TESI/MFCC_Blocks/MFCC_Blocks.srcs/sources_1/new/dct.vhd
Note: 1024
Time: 10900 ns  Iteration: 1  Process: /dct_tb/dct_block/line__98  File: D:/Programming/TESI/MFCC_Blocks/MFCC_Blocks.srcs/sources_1/new/dct.vhd
Note: 23808
Time: 11100 ns  Iteration: 1  Process: /dct_tb/dct_block/line__98  File: D:/Programming/TESI/MFCC_Blocks/MFCC_Blocks.srcs/sources_1/new/dct.vhd
Note: 512
Time: 11100 ns  Iteration: 1  Process: /dct_tb/dct_block/line__98  File: D:/Programming/TESI/MFCC_Blocks/MFCC_Blocks.srcs/sources_1/new/dct.vhd
Note: 19456
Time: 11100 ns  Iteration: 1  Process: /dct_tb/dct_block/line__98  File: D:/Programming/TESI/MFCC_Blocks/MFCC_Blocks.srcs/sources_1/new/dct.vhd
Note: 8704
Time: 11100 ns  Iteration: 1  Process: /dct_tb/dct_block/line__98  File: D:/Programming/TESI/MFCC_Blocks/MFCC_Blocks.srcs/sources_1/new/dct.vhd
Note: 243200
Time: 11300 ns  Iteration: 1  Process: /dct_tb/dct_block/line__98  File: D:/Programming/TESI/MFCC_Blocks/MFCC_Blocks.srcs/sources_1/new/dct.vhd
Note: -59136
Time: 11300 ns  Iteration: 1  Process: /dct_tb/dct_block/line__98  File: D:/Programming/TESI/MFCC_Blocks/MFCC_Blocks.srcs/sources_1/new/dct.vhd
Note: 46592
Time: 11300 ns  Iteration: 1  Process: /dct_tb/dct_block/line__98  File: D:/Programming/TESI/MFCC_Blocks/MFCC_Blocks.srcs/sources_1/new/dct.vhd
Note: -6144
Time: 11300 ns  Iteration: 1  Process: /dct_tb/dct_block/line__98  File: D:/Programming/TESI/MFCC_Blocks/MFCC_Blocks.srcs/sources_1/new/dct.vhd
Note: 18688
Time: 11500 ns  Iteration: 1  Process: /dct_tb/dct_block/line__98  File: D:/Programming/TESI/MFCC_Blocks/MFCC_Blocks.srcs/sources_1/new/dct.vhd
Note: 12288
Time: 11500 ns  Iteration: 1  Process: /dct_tb/dct_block/line__98  File: D:/Programming/TESI/MFCC_Blocks/MFCC_Blocks.srcs/sources_1/new/dct.vhd
Note: 4608
Time: 11500 ns  Iteration: 1  Process: /dct_tb/dct_block/line__98  File: D:/Programming/TESI/MFCC_Blocks/MFCC_Blocks.srcs/sources_1/new/dct.vhd
Note: 21248
Time: 11500 ns  Iteration: 1  Process: /dct_tb/dct_block/line__98  File: D:/Programming/TESI/MFCC_Blocks/MFCC_Blocks.srcs/sources_1/new/dct.vhd
Note: -512
Time: 11700 ns  Iteration: 1  Process: /dct_tb/dct_block/line__98  File: D:/Programming/TESI/MFCC_Blocks/MFCC_Blocks.srcs/sources_1/new/dct.vhd
Note: 24832
Time: 11700 ns  Iteration: 1  Process: /dct_tb/dct_block/line__98  File: D:/Programming/TESI/MFCC_Blocks/MFCC_Blocks.srcs/sources_1/new/dct.vhd
Note: -1280
Time: 11700 ns  Iteration: 1  Process: /dct_tb/dct_block/line__98  File: D:/Programming/TESI/MFCC_Blocks/MFCC_Blocks.srcs/sources_1/new/dct.vhd
Note: 23552
Time: 11700 ns  Iteration: 1  Process: /dct_tb/dct_block/line__98  File: D:/Programming/TESI/MFCC_Blocks/MFCC_Blocks.srcs/sources_1/new/dct.vhd
Note: 1280
Time: 11900 ns  Iteration: 1  Process: /dct_tb/dct_block/line__98  File: D:/Programming/TESI/MFCC_Blocks/MFCC_Blocks.srcs/sources_1/new/dct.vhd
Note: 19712
Time: 11900 ns  Iteration: 1  Process: /dct_tb/dct_block/line__98  File: D:/Programming/TESI/MFCC_Blocks/MFCC_Blocks.srcs/sources_1/new/dct.vhd
Note: 6656
Time: 11900 ns  Iteration: 1  Process: /dct_tb/dct_block/line__98  File: D:/Programming/TESI/MFCC_Blocks/MFCC_Blocks.srcs/sources_1/new/dct.vhd
Note: 13056
Time: 11900 ns  Iteration: 1  Process: /dct_tb/dct_block/line__98  File: D:/Programming/TESI/MFCC_Blocks/MFCC_Blocks.srcs/sources_1/new/dct.vhd
Note: 245248
Time: 12100 ns  Iteration: 1  Process: /dct_tb/dct_block/line__98  File: D:/Programming/TESI/MFCC_Blocks/MFCC_Blocks.srcs/sources_1/new/dct.vhd
Note: -65792
Time: 12100 ns  Iteration: 1  Process: /dct_tb/dct_block/line__98  File: D:/Programming/TESI/MFCC_Blocks/MFCC_Blocks.srcs/sources_1/new/dct.vhd
Note: 57344
Time: 12100 ns  Iteration: 1  Process: /dct_tb/dct_block/line__98  File: D:/Programming/TESI/MFCC_Blocks/MFCC_Blocks.srcs/sources_1/new/dct.vhd
Note: -20736
Time: 12100 ns  Iteration: 1  Process: /dct_tb/dct_block/line__98  File: D:/Programming/TESI/MFCC_Blocks/MFCC_Blocks.srcs/sources_1/new/dct.vhd
Note: 36352
Time: 12300 ns  Iteration: 1  Process: /dct_tb/dct_block/line__98  File: D:/Programming/TESI/MFCC_Blocks/MFCC_Blocks.srcs/sources_1/new/dct.vhd
Note: -7936
Time: 12300 ns  Iteration: 1  Process: /dct_tb/dct_block/line__98  File: D:/Programming/TESI/MFCC_Blocks/MFCC_Blocks.srcs/sources_1/new/dct.vhd
Note: 26624
Time: 12300 ns  Iteration: 1  Process: /dct_tb/dct_block/line__98  File: D:/Programming/TESI/MFCC_Blocks/MFCC_Blocks.srcs/sources_1/new/dct.vhd
Note: -1792
Time: 12300 ns  Iteration: 1  Process: /dct_tb/dct_block/line__98  File: D:/Programming/TESI/MFCC_Blocks/MFCC_Blocks.srcs/sources_1/new/dct.vhd
Note: 22528
Time: 12500 ns  Iteration: 1  Process: /dct_tb/dct_block/line__98  File: D:/Programming/TESI/MFCC_Blocks/MFCC_Blocks.srcs/sources_1/new/dct.vhd
Note: 2816
Time: 12500 ns  Iteration: 1  Process: /dct_tb/dct_block/line__98  File: D:/Programming/TESI/MFCC_Blocks/MFCC_Blocks.srcs/sources_1/new/dct.vhd
Note: 18944
Time: 12500 ns  Iteration: 1  Process: /dct_tb/dct_block/line__98  File: D:/Programming/TESI/MFCC_Blocks/MFCC_Blocks.srcs/sources_1/new/dct.vhd
Note: 5888
Time: 12500 ns  Iteration: 1  Process: /dct_tb/dct_block/line__98  File: D:/Programming/TESI/MFCC_Blocks/MFCC_Blocks.srcs/sources_1/new/dct.vhd
Note: 15872
Time: 12700 ns  Iteration: 1  Process: /dct_tb/dct_block/line__98  File: D:/Programming/TESI/MFCC_Blocks/MFCC_Blocks.srcs/sources_1/new/dct.vhd
Note: 8960
Time: 12700 ns  Iteration: 1  Process: /dct_tb/dct_block/line__98  File: D:/Programming/TESI/MFCC_Blocks/MFCC_Blocks.srcs/sources_1/new/dct.vhd
Note: 13312
Time: 12700 ns  Iteration: 1  Process: /dct_tb/dct_block/line__98  File: D:/Programming/TESI/MFCC_Blocks/MFCC_Blocks.srcs/sources_1/new/dct.vhd
Note: 11008
Time: 12700 ns  Iteration: 1  Process: /dct_tb/dct_block/line__98  File: D:/Programming/TESI/MFCC_Blocks/MFCC_Blocks.srcs/sources_1/new/dct.vhd
Stopped at time : 12900 ns : File "D:/Programming/TESI/MFCC_Blocks/MFCC_Blocks.srcs/sources_1/new/dct.vhd" Line 182
Stopped at time : 13100 ns : File "D:/Programming/TESI/MFCC_Blocks/MFCC_Blocks.srcs/sources_1/new/dct.vhd" Line 182
